#
# There is insufficient memory for the Java Runtime Environment to continue.
# Native memory allocation (malloc) failed to allocate 553296 bytes for Chunk::new
# Possible reasons:
#   The system is out of physical RAM or swap space
#   The process is running with CompressedOops enabled, and the Java Heap may be blocking the growth of the native heap
# Possible solutions:
#   Reduce memory load on the system
#   Increase physical memory or swap space
#   Check if swap backing store is full
#   Decrease Java heap size (-Xmx/-Xms)
#   Decrease number of Java threads
#   Decrease Java thread stack sizes (-Xss)
#   Set larger code cache with -XX:ReservedCodeCacheSize=
#   JVM is running with Zero Based Compressed Oops mode in which the Java heap is
#     placed in the first 32GB address space. The Java Heap base address is the
#     maximum limit for the native heap growth. Please use -XX:HeapBaseMinAddress
#     to set the Java Heap base and to place the Java Heap above 32GB virtual address.
# This output file may be truncated or incomplete.
#
#  Out of Memory Error (allocation.cpp:389), pid=25468, tid=0x0000000000001e58
#
# JRE version: OpenJDK Runtime Environment (8.0_242-b01) (build 1.8.0_242-release-1644-b01)
# Java VM: OpenJDK 64-Bit Server VM (25.242-b01 mixed mode windows-amd64 compressed oops)
# Failed to write core dump. Minidumps are not enabled by default on client versions of Windows
#

---------------  T H R E A D  ---------------

Current thread (0x000000001a6f5800):  JavaThread "C2 CompilerThread0" daemon [_thread_in_native, id=7768, stack(0x000000001afd0000,0x000000001b0d0000)]

Stack: [0x000000001afd0000,0x000000001b0d0000]
[error occurred during error reporting (printing stack bounds), id 0xc0000005]

Native frames: (J=compiled Java code, j=interpreted, Vv=VM code, C=native code)


Current CompileTask:
C2: 593196 8334   !   4       org.jetbrains.kotlin.metadata.ProtoBuf$Function::<init> (1112 bytes)


---------------  P R O C E S S  ---------------

Java Threads: ( => current thread )
  0x000000001de3b800 JavaThread "Build operations Thread 8" [_thread_blocked, id=13928, stack(0x00000000297d0000,0x00000000298d0000)]
  0x000000001de3b000 JavaThread "Build operations Thread 7" [_thread_blocked, id=10792, stack(0x00000000296d0000,0x00000000297d0000)]
  0x000000001cfe9800 JavaThread "Build operations Thread 6" [_thread_blocked, id=13452, stack(0x00000000295d0000,0x00000000296d0000)]
  0x000000001cfe8800 JavaThread "Build operations Thread 5" [_thread_blocked, id=15820, stack(0x00000000294d0000,0x00000000295d0000)]
  0x000000001cfe8000 JavaThread "Build operations Thread 4" [_thread_blocked, id=19164, stack(0x00000000293d0000,0x00000000294d0000)]
  0x000000001cfe7000 JavaThread "Build operations Thread 3" [_thread_blocked, id=1744, stack(0x00000000292d0000,0x00000000293d0000)]
  0x000000001cfe6800 JavaThread "Build operations Thread 2" [_thread_blocked, id=5296, stack(0x00000000291d0000,0x00000000292d0000)]
  0x000000001cfea000 JavaThread "Build operations" [_thread_blocked, id=24600, stack(0x00000000290d0000,0x00000000291d0000)]
  0x000000001cfde000 JavaThread "Cache worker for cache directory md-rule (C:\Users\LAP11852-local\.gradle\caches\6.1.1\md-rule)" [_thread_blocked, id=24676, stack(0x0000000028ed0000,0x0000000028fd0000)]
  0x000000001cfe5000 JavaThread "Cache worker for cache directory md-supplier (C:\Users\LAP11852-local\.gradle\caches\6.1.1\md-supplier)" [_thread_blocked, id=20736, stack(0x0000000028dd0000,0x0000000028ed0000)]
  0x000000001cfe4000 JavaThread "Cache worker for file hash cache (D:\GIT_PROJCT\Work\AnimeListKMM\.gradle\6.1.1\fileHashes)" [_thread_blocked, id=10740, stack(0x0000000028cd0000,0x0000000028dd0000)]
  0x000000001cfe3800 JavaThread "Cache worker for checksums cache (D:\GIT_PROJCT\Work\AnimeListKMM\.gradle\checksums)" [_thread_blocked, id=4856, stack(0x0000000028bd0000,0x0000000028cd0000)]
  0x000000001cfdc000 JavaThread "Thread-45" [_thread_blocked, id=13876, stack(0x0000000028ad0000,0x0000000028bd0000)]
  0x000000001cfdd800 JavaThread "Stdin handler" [_thread_blocked, id=24660, stack(0x00000000289d0000,0x0000000028ad0000)]
  0x000000001cfe2800 JavaThread "Asynchronous log dispatcher for DefaultDaemonConnection: socket connection from /127.0.0.1:55826 to /127.0.0.1:56279" [_thread_blocked, id=18032, stack(0x00000000288d0000,0x00000000289d0000)]
  0x000000001cfe0800 JavaThread "Daemon worker Thread 2" [_thread_in_Java, id=14212, stack(0x00000000287d0000,0x00000000288d0000)]
  0x000000001cfdb000 JavaThread "Cancel handler" [_thread_blocked, id=20724, stack(0x00000000286d0000,0x00000000287d0000)]
  0x000000001cfe2000 JavaThread "Handler for socket connection from /127.0.0.1:55826 to /127.0.0.1:56279" [_thread_in_native, id=22772, stack(0x00000000285d0000,0x00000000286d0000)]
  0x000000001cfdc800 JavaThread "Daemon Thread 2" [_thread_blocked, id=22616, stack(0x00000000284d0000,0x00000000285d0000)]
  0x000000001de4a000 JavaThread "Cache worker for file content cache (C:\Users\LAP11852-local\.gradle\caches\6.1.1\fileContent)" [_thread_blocked, id=16484, stack(0x00000000273d0000,0x00000000274d0000)]
  0x000000001de42800 JavaThread "Memory manager" [_thread_blocked, id=10308, stack(0x00000000272d0000,0x00000000273d0000)]
  0x000000001dbff800 JavaThread "Cache worker for execution history cache (C:\Users\LAP11852-local\.gradle\caches\6.1.1\executionHistory)" [_thread_blocked, id=19028, stack(0x0000000023300000,0x0000000023400000)]
  0x000000001dc01800 JavaThread "Cache worker for file hash cache (C:\Users\LAP11852-local\.gradle\caches\6.1.1\fileHashes)" [_thread_blocked, id=15016, stack(0x000000001f510000,0x000000001f610000)]
  0x000000001dc01000 JavaThread "File lock request listener" [_thread_in_native, id=13244, stack(0x000000001f410000,0x000000001f510000)]
  0x000000001d9ab000 JavaThread "Cache worker for journal cache (C:\Users\LAP11852-local\.gradle\caches\journal-1)" [_thread_blocked, id=24712, stack(0x000000001f310000,0x000000001f410000)]
  0x000000001d7a6800 JavaThread "Daemon periodic checks" [_thread_blocked, id=15220, stack(0x000000001e610000,0x000000001e710000)]
  0x000000001d793800 JavaThread "Incoming local TCP Connector on port 55826" [_thread_in_native, id=17848, stack(0x000000001e3d0000,0x000000001e4d0000)]
  0x000000001d740800 JavaThread "Daemon health stats" [_thread_blocked, id=3968, stack(0x000000001cda0000,0x000000001cea0000)]
  0x000000001a780000 JavaThread "Service Thread" daemon [_thread_blocked, id=12052, stack(0x000000001b3d0000,0x000000001b4d0000)]
  0x000000001a702800 JavaThread "C1 CompilerThread3" daemon [_thread_in_native, id=20548, stack(0x000000001b2d0000,0x000000001b3d0000)]
  0x000000001a6fb000 JavaThread "C2 CompilerThread2" daemon [_thread_in_native, id=3984, stack(0x000000001b1d0000,0x000000001b2d0000)]
  0x00000000188ce000 JavaThread "C2 CompilerThread1" daemon [_thread_in_vm, id=6860, stack(0x000000001b0d0000,0x000000001b1d0000)]
=>0x000000001a6f5800 JavaThread "C2 CompilerThread0" daemon [_thread_in_native, id=7768, stack(0x000000001afd0000,0x000000001b0d0000)]
  0x000000001a6f4000 JavaThread "Attach Listener" daemon [_thread_blocked, id=4144, stack(0x000000001aed0000,0x000000001afd0000)]
  0x000000001a6f3000 JavaThread "Signal Dispatcher" daemon [_thread_blocked, id=12764, stack(0x000000001add0000,0x000000001aed0000)]
  0x000000000254e000 JavaThread "Finalizer" daemon [_thread_blocked, id=15092, stack(0x000000001abc0000,0x000000001acc0000)]
  0x0000000002547000 JavaThread "Reference Handler" daemon [_thread_blocked, id=14204, stack(0x000000001aac0000,0x000000001abc0000)]
  0x000000000064e800 JavaThread "main" [_thread_blocked, id=10900, stack(0x0000000002340000,0x0000000002440000)]

Other Threads:
  0x00000000188b6000 VMThread [stack: 0x000000001a5c0000,0x000000001a6c0000] [id=2292]
  0x000000001a780800 WatcherThread [stack: 0x000000001b4d0000,0x000000001b5d0000] [id=17536]

VM state:not at safepoint (normal execution)

VM Mutex/Monitor currently owned by a thread: None

OutOfMemory and StackOverflow Exception counts:
OutOfMemoryError java_heap_errors=2

heap address: 0x0000000720000000, size: 2560 MB, Compressed Oops mode: Zero based, Oop shift amount: 3
Narrow klass base: 0x0000000000000000, Narrow klass shift: 3
Compressed class space size: 1073741824 Address: 0x00000007c0000000

Heap:
 PSYoungGen      total 201216K, used 49108K [0x000000078ab00000, 0x0000000798e80000, 0x00000007c0000000)
  eden space 178688K, 14% used [0x000000078ab00000,0x000000078c4f8128,0x0000000795980000)
  from space 22528K, 99% used [0x0000000795980000,0x0000000796f7d040,0x0000000796f80000)
  to   space 20480K, 0% used [0x0000000796f80000,0x0000000796f80000,0x0000000798380000)
 ParOldGen       total 243200K, used 44366K [0x0000000720000000, 0x000000072ed80000, 0x000000078ab00000)
  object space 243200K, 18% used [0x0000000720000000,0x0000000722b538e8,0x000000072ed80000)
 Metaspace       used 76709K, capacity 79439K, committed 79656K, reserved 1118208K
  class space    used 10446K, capacity 11052K, committed 11056K, reserved 1048576K

Card table byte_map: [0x0000000011920000,0x0000000011e30000] byte_map_base: 0x000000000e020000

Marking Bits: (ParMarkBitMap*) 0x000000006527f030
 Begin Bits: [0x0000000012990000, 0x0000000015190000)
 End Bits:   [0x0000000015190000, 0x0000000017990000)

Polling page: 0x0000000002320000

CodeCache: size=245760Kb used=24298Kb max_used=24298Kb free=221461Kb
 bounds [0x0000000002560000, 0x0000000003d40000, 0x0000000011560000]
 total_blobs=8311 nmethods=7511 adapters=712
 compilation: enabled

Compilation events (10 events):
Event: 593.192 Thread 0x000000001a702800 nmethod 8386 0x0000000003d2dc90 code [0x0000000003d2de20, 0x0000000003d2e2f8]
Event: 593.192 Thread 0x000000001a702800 8387       3       org.jetbrains.kotlin.metadata.jvm.JvmProtoBuf$JvmMethodSignature$Builder::buildPartial (65 bytes)
Event: 593.192 Thread 0x000000001a702800 nmethod 8387 0x0000000003d2e4d0 code [0x0000000003d2e680, 0x0000000003d2ec90]
Event: 593.193 Thread 0x000000001a702800 8388       3       org.jetbrains.kotlin.metadata.jvm.JvmProtoBuf$JvmMethodSignature::<init> (6 bytes)
Event: 593.193 Thread 0x00000000188ce000 nmethod 8336 0x0000000003d2ef90 code [0x0000000003d2f320, 0x0000000003d30b40]
Event: 593.193 Thread 0x00000000188ce000 8342       4       org.jetbrains.kotlin.metadata.ProtoBuf$Type::getSerializedSize (393 bytes)
Event: 593.193 Thread 0x000000001a702800 nmethod 8388 0x0000000003d2b710 code [0x0000000003d2b880, 0x0000000003d2bc10]
Event: 593.193 Thread 0x000000001a702800 8389       3       org.jetbrains.kotlin.metadata.jvm.JvmProtoBuf$JvmMethodSignature::<init> (24 bytes)
Event: 593.193 Thread 0x000000001a702800 nmethod 8389 0x0000000003d2b110 code [0x0000000003d2b280, 0x0000000003d2b5b0]
Event: 593.193 Thread 0x000000001a702800 8392 %     3       org.jetbrains.kotlin.metadata.jvm.deserialization.UtfEncodingKt::stringsToBytes @ 122 (204 bytes)

GC Heap History (10 events):
Event: 26.800 GC heap before
{Heap before GC invocations=12 (full 2):
 PSYoungGen      total 152064K, used 152043K [0x000000078ab00000, 0x0000000796080000, 0x00000007c0000000)
  eden space 140288K, 100% used [0x000000078ab00000,0x0000000793400000,0x0000000793400000)
  from space 11776K, 99% used [0x0000000793400000,0x0000000793f7ada8,0x0000000793f80000)
  to   space 13824K, 0% used [0x0000000795300000,0x0000000795300000,0x0000000796080000)
 ParOldGen       total 164864K, used 19171K [0x0000000720000000, 0x000000072a100000, 0x000000078ab00000)
  object space 164864K, 11% used [0x0000000720000000,0x00000007212b8f30,0x000000072a100000)
 Metaspace       used 52318K, capacity 54630K, committed 54696K, reserved 1097728K
  class space    used 7274K, capacity 7809K, committed 7856K, reserved 1048576K
Event: 26.825 GC heap after
Heap after GC invocations=12 (full 2):
 PSYoungGen      total 168960K, used 13805K [0x000000078ab00000, 0x0000000797100000, 0x00000007c0000000)
  eden space 155136K, 0% used [0x000000078ab00000,0x000000078ab00000,0x0000000794280000)
  from space 13824K, 99% used [0x0000000795300000,0x000000079607b458,0x0000000796080000)
  to   space 16896K, 0% used [0x0000000794280000,0x0000000794280000,0x0000000795300000)
 ParOldGen       total 164864K, used 24977K [0x0000000720000000, 0x000000072a100000, 0x000000078ab00000)
  object space 164864K, 15% used [0x0000000720000000,0x0000000721864690,0x000000072a100000)
 Metaspace       used 52318K, capacity 54630K, committed 54696K, reserved 1097728K
  class space    used 7274K, capacity 7809K, committed 7856K, reserved 1048576K
}
Event: 587.346 GC heap before
{Heap before GC invocations=13 (full 2):
 PSYoungGen      total 168960K, used 137440K [0x000000078ab00000, 0x0000000797100000, 0x00000007c0000000)
  eden space 155136K, 79% used [0x000000078ab00000,0x00000007923bccf0,0x0000000794280000)
  from space 13824K, 99% used [0x0000000795300000,0x000000079607b458,0x0000000796080000)
  to   space 16896K, 0% used [0x0000000794280000,0x0000000794280000,0x0000000795300000)
 ParOldGen       total 164864K, used 24977K [0x0000000720000000, 0x000000072a100000, 0x000000078ab00000)
  object space 164864K, 15% used [0x0000000720000000,0x0000000721864690,0x000000072a100000)
 Metaspace       used 56420K, capacity 58968K, committed 59160K, reserved 1101824K
  class space    used 7706K, capacity 8283K, committed 8368K, reserved 1048576K
Event: 587.374 GC heap after
Heap after GC invocations=13 (full 2):
 PSYoungGen      total 172032K, used 16869K [0x000000078ab00000, 0x0000000798380000, 0x00000007c0000000)
  eden space 155136K, 0% used [0x000000078ab00000,0x000000078ab00000,0x0000000794280000)
  from space 16896K, 99% used [0x0000000794280000,0x00000007952f9458,0x0000000795300000)
  to   space 20480K, 0% used [0x0000000796f80000,0x0000000796f80000,0x0000000798380000)
 ParOldGen       total 164864K, used 29707K [0x0000000720000000, 0x000000072a100000, 0x000000078ab00000)
  object space 164864K, 18% used [0x0000000720000000,0x0000000721d02ce0,0x000000072a100000)
 Metaspace       used 56420K, capacity 58968K, committed 59160K, reserved 1101824K
  class space    used 7706K, capacity 8283K, committed 8368K, reserved 1048576K
}
Event: 587.374 GC heap before
{Heap before GC invocations=14 (full 3):
 PSYoungGen      total 172032K, used 16869K [0x000000078ab00000, 0x0000000798380000, 0x00000007c0000000)
  eden space 155136K, 0% used [0x000000078ab00000,0x000000078ab00000,0x0000000794280000)
  from space 16896K, 99% used [0x0000000794280000,0x00000007952f9458,0x0000000795300000)
  to   space 20480K, 0% used [0x0000000796f80000,0x0000000796f80000,0x0000000798380000)
 ParOldGen       total 164864K, used 29707K [0x0000000720000000, 0x000000072a100000, 0x000000078ab00000)
  object space 164864K, 18% used [0x0000000720000000,0x0000000721d02ce0,0x000000072a100000)
 Metaspace       used 56420K, capacity 58968K, committed 59160K, reserved 1101824K
  class space    used 7706K, capacity 8283K, committed 8368K, reserved 1048576K
Event: 587.690 GC heap after
Heap after GC invocations=14 (full 3):
 PSYoungGen      total 172032K, used 0K [0x000000078ab00000, 0x0000000798380000, 0x00000007c0000000)
  eden space 155136K, 0% used [0x000000078ab00000,0x000000078ab00000,0x0000000794280000)
  from space 16896K, 0% used [0x0000000794280000,0x0000000794280000,0x0000000795300000)
  to   space 20480K, 0% used [0x0000000796f80000,0x0000000796f80000,0x0000000798380000)
 ParOldGen       total 243200K, used 33075K [0x0000000720000000, 0x000000072ed80000, 0x000000078ab00000)
  object space 243200K, 13% used [0x0000000720000000,0x000000072204cd28,0x000000072ed80000)
 Metaspace       used 56396K, capacity 58890K, committed 59160K, reserved 1101824K
  class space    used 7699K, capacity 8270K, committed 8368K, reserved 1048576K
}
Event: 589.697 GC heap before
{Heap before GC invocations=15 (full 3):
 PSYoungGen      total 172032K, used 155136K [0x000000078ab00000, 0x0000000798380000, 0x00000007c0000000)
  eden space 155136K, 100% used [0x000000078ab00000,0x0000000794280000,0x0000000794280000)
  from space 16896K, 0% used [0x0000000794280000,0x0000000794280000,0x0000000795300000)
  to   space 20480K, 0% used [0x0000000796f80000,0x0000000796f80000,0x0000000798380000)
 ParOldGen       total 243200K, used 33075K [0x0000000720000000, 0x000000072ed80000, 0x000000078ab00000)
  object space 243200K, 13% used [0x0000000720000000,0x000000072204cd28,0x000000072ed80000)
 Metaspace       used 64921K, capacity 67553K, committed 68008K, reserved 1107968K
  class space    used 9196K, capacity 9778K, committed 9904K, reserved 1048576K
Event: 589.715 GC heap after
Heap after GC invocations=15 (full 3):
 PSYoungGen      total 199168K, used 19184K [0x000000078ab00000, 0x0000000798e80000, 0x00000007c0000000)
  eden space 178688K, 0% used [0x000000078ab00000,0x000000078ab00000,0x0000000795980000)
  from space 20480K, 93% used [0x0000000796f80000,0x000000079823c3b0,0x0000000798380000)
  to   space 22528K, 0% used [0x0000000795980000,0x0000000795980000,0x0000000796f80000)
 ParOldGen       total 243200K, used 33147K [0x0000000720000000, 0x000000072ed80000, 0x000000078ab00000)
  object space 243200K, 13% used [0x0000000720000000,0x000000072205ed38,0x000000072ed80000)
 Metaspace       used 64921K, capacity 67553K, committed 68008K, reserved 1107968K
  class space    used 9196K, capacity 9778K, committed 9904K, reserved 1048576K
}
Event: 592.811 GC heap before
{Heap before GC invocations=16 (full 3):
 PSYoungGen      total 199168K, used 197872K [0x000000078ab00000, 0x0000000798e80000, 0x00000007c0000000)
  eden space 178688K, 100% used [0x000000078ab00000,0x0000000795980000,0x0000000795980000)
  from space 20480K, 93% used [0x0000000796f80000,0x000000079823c3b0,0x0000000798380000)
  to   space 22528K, 0% used [0x0000000795980000,0x0000000795980000,0x0000000796f80000)
 ParOldGen       total 243200K, used 33147K [0x0000000720000000, 0x000000072ed80000, 0x000000078ab00000)
  object space 243200K, 13% used [0x0000000720000000,0x000000072205ed38,0x000000072ed80000)
 Metaspace       used 76024K, capacity 78735K, committed 79144K, reserved 1118208K
  class space    used 10384K, capacity 10988K, committed 11056K, reserved 1048576K
Event: 592.857 GC heap after
Heap after GC invocations=16 (full 3):
 PSYoungGen      total 201216K, used 22516K [0x000000078ab00000, 0x0000000798e80000, 0x00000007c0000000)
  eden space 178688K, 0% used [0x000000078ab00000,0x000000078ab00000,0x0000000795980000)
  from space 22528K, 99% used [0x0000000795980000,0x0000000796f7d040,0x0000000796f80000)
  to   space 20480K, 0% used [0x0000000796f80000,0x0000000796f80000,0x0000000798380000)
 ParOldGen       total 243200K, used 44366K [0x0000000720000000, 0x000000072ed80000, 0x000000078ab00000)
  object space 243200K, 18% used [0x0000000720000000,0x0000000722b538e8,0x000000072ed80000)
 Metaspace       used 76024K, capacity 78735K, committed 79144K, reserved 1118208K
  class space    used 10384K, capacity 10988K, committed 11056K, reserved 1048576K
}

Deoptimization events (10 events):
Event: 592.340 Thread 0x000000001cfe0800 Uncommon trap: reason=bimorphic action=maybe_recompile pc=0x0000000003b5b7d0 method=org.jetbrains.kotlin.protobuf.CodedInputStream.tryRefillBuffer(I)Z @ 177
Event: 592.379 Thread 0x000000001cfe0800 Uncommon trap: reason=unstable_if action=reinterpret pc=0x0000000003b20fe4 method=org.jetbrains.kotlin.protobuf.CodedInputStream.readRawVarint32()I @ 69
Event: 592.380 Thread 0x000000001cfe0800 Uncommon trap: reason=unstable_if action=reinterpret pc=0x0000000003b209e4 method=org.jetbrains.kotlin.protobuf.CodedInputStream.readRawVarint32()I @ 69
Event: 592.400 Thread 0x000000001cfe0800 Uncommon trap: reason=class_check action=maybe_recompile pc=0x0000000003ad4778 method=gnu.trove.TObjectHash.equals(Ljava/lang/Object;Ljava/lang/Object;)Z @ 6
Event: 592.400 Thread 0x000000001cfe0800 Uncommon trap: reason=class_check action=maybe_recompile pc=0x0000000003ab43a4 method=gnu.trove.TObjectHash.equals(Ljava/lang/Object;Ljava/lang/Object;)Z @ 6
Event: 592.559 Thread 0x000000001cfe0800 Uncommon trap: reason=bimorphic action=maybe_recompile pc=0x0000000003bd3f88 method=gnu.trove.TObjectHash.equals(Ljava/lang/Object;Ljava/lang/Object;)Z @ 6
Event: 592.649 Thread 0x000000001cfe0800 Uncommon trap: reason=bimorphic action=maybe_recompile pc=0x0000000003bd3f88 method=gnu.trove.TObjectHash.equals(Ljava/lang/Object;Ljava/lang/Object;)Z @ 6
Event: 592.649 Thread 0x000000001cfe0800 Uncommon trap: reason=bimorphic action=maybe_recompile pc=0x0000000003bd3f88 method=gnu.trove.TObjectHash.equals(Ljava/lang/Object;Ljava/lang/Object;)Z @ 6
Event: 592.649 Thread 0x000000001cfe0800 Uncommon trap: reason=bimorphic action=maybe_recompile pc=0x0000000003bd3f88 method=gnu.trove.TObjectHash.equals(Ljava/lang/Object;Ljava/lang/Object;)Z @ 6
Event: 592.951 Thread 0x000000001cfe0800 Uncommon trap: reason=unstable_if action=reinterpret pc=0x0000000003bfbfec method=java.text.StringCharacterIterator.current()C @ 19

Classes redefined (0 events):
No events

Internal exceptions (10 events):
Event: 586.469 Thread 0x000000001de3f800 Exception <a 'sun/nio/fs/WindowsException'> (0x000000078e59bdb8) thrown at [C:\src\AOSP-openjdk-git\hotspot\src\share\vm\prims\jni.cpp, line 710]
Event: 586.470 Thread 0x000000001de3f800 Exception <a 'sun/nio/fs/WindowsException'> (0x000000078e59caa8) thrown at [C:\src\AOSP-openjdk-git\hotspot\src\share\vm\prims\jni.cpp, line 710]
Event: 586.470 Thread 0x000000001de3f800 Exception <a 'sun/nio/fs/WindowsException'> (0x000000078e59e2b8) thrown at [C:\src\AOSP-openjdk-git\hotspot\src\share\vm\prims\jni.cpp, line 710]
Event: 586.470 Thread 0x000000001de3f800 Exception <a 'sun/nio/fs/WindowsException'> (0x000000078e59ef40) thrown at [C:\src\AOSP-openjdk-git\hotspot\src\share\vm\prims\jni.cpp, line 710]
Event: 586.470 Thread 0x000000001de3f800 Exception <a 'sun/nio/fs/WindowsException'> (0x000000078e59fc38) thrown at [C:\src\AOSP-openjdk-git\hotspot\src\share\vm\prims\jni.cpp, line 710]
Event: 587.869 Thread 0x000000001cfe0800 Exception <a 'java/lang/NoSuchMethodError': java.lang.Object.lambda$static$0()J> (0x000000078b76c070) thrown at [C:\src\AOSP-openjdk-git\hotspot\src\share\vm\interpreter\linkResolver.cpp, line 620]
Event: 588.257 Thread 0x000000001cfe0800 Exception <a 'java/lang/NoSuchMethodError': java.lang.Object.lambda$static$0(I)[Lorg/jetbrains/kotlin/com/intellij/openapi/editor/event/DocumentListener;> (0x000000078cc401e0) thrown at [C:\src\AOSP-openjdk-git\hotspot\src\share\vm\interpreter\linkResolve
Event: 588.332 Thread 0x000000001cfe0800 Exception <a 'java/lang/NoSuchMethodError': java.lang.Object.lambda$static$0(I)[Lorg/jetbrains/kotlin/com/intellij/psi/PsiAnnotation;> (0x000000078d143130) thrown at [C:\src\AOSP-openjdk-git\hotspot\src\share\vm\interpreter\linkResolver.cpp, line 620]
Event: 588.564 Thread 0x000000001cfe0800 Exception <a 'java/lang/NoSuchMethodError': java.lang.Object.lambda$static$0(I)[Lorg/jetbrains/kotlin/com/intellij/psi/PsiElement;> (0x000000078e02b3c0) thrown at [C:\src\AOSP-openjdk-git\hotspot\src\share\vm\interpreter\linkResolver.cpp, line 620]
Event: 589.831 Thread 0x000000001cfe0800 Exception <a 'java/lang/NoSuchMethodError': java.lang.Object.lambda$static$0(I)[Lorg/jetbrains/kotlin/psi/KtExpression;> (0x000000078bb81d28) thrown at [C:\src\AOSP-openjdk-git\hotspot\src\share\vm\interpreter\linkResolver.cpp, line 620]

Events (10 events):
Event: 593.010 loading class org/jetbrains/kotlin/types/TypeCapabilitiesKt
Event: 593.010 loading class org/jetbrains/kotlin/types/TypeCapabilitiesKt done
Event: 593.010 loading class org/jetbrains/kotlin/types/SpecialTypesKt
Event: 593.010 loading class org/jetbrains/kotlin/types/SpecialTypesKt done
Event: 593.011 loading class org/jetbrains/kotlin/types/AbbreviatedType
Event: 593.011 loading class org/jetbrains/kotlin/types/AbbreviatedType done
Event: 593.012 loading class org/jetbrains/kotlin/types/TypeSubstitutionKt
Event: 593.012 loading class org/jetbrains/kotlin/types/TypeSubstitutionKt done
Event: 593.108 loading class org/jetbrains/kotlin/metadata/ProtoBuf$1
Event: 593.108 loading class org/jetbrains/kotlin/metadata/ProtoBuf$1 done


Dynamic libraries:
0x00007ff7cb9f0000 - 0x00007ff7cba21000 	C:\Program Files\Android\Android Studio\jre\bin\java.exe
0x00007ffdf6c40000 - 0x00007ffdf6e2d000 	C:\WINDOWS\SYSTEM32\ntdll.dll
0x00007ffdf6b50000 - 0x00007ffdf6c03000 	C:\WINDOWS\System32\KERNEL32.DLL
0x00007ffdf2fd0000 - 0x00007ffdf3264000 	C:\WINDOWS\System32\KERNELBASE.dll
0x00007ffdf5f60000 - 0x00007ffdf6003000 	C:\WINDOWS\System32\ADVAPI32.dll
0x00007ffdf5570000 - 0x00007ffdf560e000 	C:\WINDOWS\System32\msvcrt.dll
0x00007ffdf64d0000 - 0x00007ffdf656e000 	C:\WINDOWS\System32\sechost.dll
0x00007ffdf5e30000 - 0x00007ffdf5f52000 	C:\WINDOWS\System32\RPCRT4.dll
0x00007ffdf5a90000 - 0x00007ffdf5c27000 	C:\WINDOWS\System32\USER32.dll
0x00007ffdf2e90000 - 0x00007ffdf2eb0000 	C:\WINDOWS\System32\win32u.dll
0x00007ffdf65f0000 - 0x00007ffdf6619000 	C:\WINDOWS\System32\GDI32.dll
0x00007ffdf2cf0000 - 0x00007ffdf2e8c000 	C:\WINDOWS\System32\gdi32full.dll
0x00007ffdf2eb0000 - 0x00007ffdf2f50000 	C:\WINDOWS\System32\msvcp_win.dll
0x00007ffdf3270000 - 0x00007ffdf336a000 	C:\WINDOWS\System32\ucrtbase.dll
0x00007ffdd89a0000 - 0x00007ffdd8c19000 	C:\WINDOWS\WinSxS\amd64_microsoft.windows.common-controls_6595b64144ccf1df_6.0.17763.1457_none_de7243e4534a70d1\COMCTL32.dll
0x00007ffdf61a0000 - 0x00007ffdf64cd000 	C:\WINDOWS\System32\combase.dll
0x00007ffdf2f50000 - 0x00007ffdf2fce000 	C:\WINDOWS\System32\bcryptPrimitives.dll
0x00007ffdf5d90000 - 0x00007ffdf5dbe000 	C:\WINDOWS\System32\IMM32.DLL
0x0000000065c20000 - 0x0000000065cf2000 	C:\Program Files\Android\Android Studio\jre\jre\bin\msvcr100.dll
0x0000000064ab0000 - 0x00000000652fb000 	C:\Program Files\Android\Android Studio\jre\jre\bin\server\jvm.dll
0x00007ffdf6030000 - 0x00007ffdf6038000 	C:\WINDOWS\System32\PSAPI.DLL
0x00007ffdef880000 - 0x00007ffdef8a4000 	C:\WINDOWS\SYSTEM32\WINMM.dll
0x00007ffddf330000 - 0x00007ffddf339000 	C:\WINDOWS\SYSTEM32\WSOCK32.dll
0x00007ffdeb7d0000 - 0x00007ffdeb7da000 	C:\WINDOWS\SYSTEM32\VERSION.dll
0x00007ffdf5dc0000 - 0x00007ffdf5e2d000 	C:\WINDOWS\System32\WS2_32.dll
0x00007ffdef850000 - 0x00007ffdef87d000 	C:\WINDOWS\SYSTEM32\winmmbase.dll
0x00007ffdf3c00000 - 0x00007ffdf3c4a000 	C:\WINDOWS\System32\cfgmgr32.dll
0x00007ffdeff10000 - 0x00007ffdeff1f000 	C:\Program Files\Android\Android Studio\jre\jre\bin\verify.dll
0x00007ffdeeea0000 - 0x00007ffdeeec9000 	C:\Program Files\Android\Android Studio\jre\jre\bin\java.dll
0x00007ffdeedb0000 - 0x00007ffdeedc6000 	C:\Program Files\Android\Android Studio\jre\jre\bin\zip.dll
0x00007ffdf3e60000 - 0x00007ffdf5359000 	C:\WINDOWS\System32\SHELL32.dll
0x00007ffdf5850000 - 0x00007ffdf58f9000 	C:\WINDOWS\System32\shcore.dll
0x00007ffdf3480000 - 0x00007ffdf3bd2000 	C:\WINDOWS\System32\windows.storage.dll
0x00007ffdf2ca0000 - 0x00007ffdf2cc4000 	C:\WINDOWS\System32\profapi.dll
0x00007ffdf2c40000 - 0x00007ffdf2c9d000 	C:\WINDOWS\System32\powrprof.dll
0x00007ffdf5a30000 - 0x00007ffdf5a82000 	C:\WINDOWS\System32\shlwapi.dll
0x00007ffdf2c20000 - 0x00007ffdf2c31000 	C:\WINDOWS\System32\kernel.appcore.dll
0x00007ffdf3be0000 - 0x00007ffdf3bf7000 	C:\WINDOWS\System32\cryptsp.dll
0x00007ffdeed90000 - 0x00007ffdeedaa000 	C:\Program Files\Android\Android Studio\jre\jre\bin\net.dll
0x00007ffdf2480000 - 0x00007ffdf24e7000 	C:\WINDOWS\system32\mswsock.dll
0x00007ffdeed70000 - 0x00007ffdeed83000 	C:\Program Files\Android\Android Studio\jre\jre\bin\nio.dll
0x00007ffde2e00000 - 0x00007ffde2e26000 	C:\Users\LAP11852-local\.gradle\native\31\windows-amd64\native-platform.dll
0x00007ffdeed60000 - 0x00007ffdeed6d000 	C:\Program Files\Android\Android Studio\jre\jre\bin\management.dll
0x00007ffdf2000000 - 0x00007ffdf2033000 	C:\WINDOWS\system32\rsaenh.dll
0x00007ffdf3e30000 - 0x00007ffdf3e56000 	C:\WINDOWS\System32\bcrypt.dll
0x00007ffdf2b10000 - 0x00007ffdf2b38000 	C:\WINDOWS\SYSTEM32\USERENV.dll
0x00007ffdf2650000 - 0x00007ffdf265c000 	C:\WINDOWS\SYSTEM32\CRYPTBASE.dll
0x00007ffdf21a0000 - 0x00007ffdf21dd000 	C:\WINDOWS\SYSTEM32\IPHLPAPI.DLL
0x00007ffdf5670000 - 0x00007ffdf5678000 	C:\WINDOWS\System32\NSI.dll
0x00007ffde3950000 - 0x00007ffde3966000 	C:\WINDOWS\SYSTEM32\dhcpcsvc6.DLL
0x00007ffde8c90000 - 0x00007ffde8cac000 	C:\WINDOWS\SYSTEM32\dhcpcsvc.DLL
0x00007ffdf21e0000 - 0x00007ffdf22a7000 	C:\WINDOWS\SYSTEM32\DNSAPI.dll

VM Arguments:
jvm_args: -Xmx2560m -Dfile.encoding=windows-1252 -Duser.country=US -Duser.language=en -Duser.variant 
java_command: org.gradle.launcher.daemon.bootstrap.GradleDaemon 6.1.1
java_class_path (initial): C:\Users\LAP11852-local\.gradle\wrapper\dists\gradle-6.1.1-all\cfmwm155h49vnt3hynmlrsdst\gradle-6.1.1\lib\gradle-launcher-6.1.1.jar
Launcher Type: SUN_STANDARD

Environment Variables:
PATH=C:\WINDOWS\system32;C:\WINDOWS;C:\WINDOWS\System32\Wbem;C:\WINDOWS\System32\WindowsPowerShell\v1.0\;C:\WINDOWS\System32\OpenSSH\;C:\Users\LAP11852-local\Downloads\adb\platform-tools;C:\Program Files\Git\cmd;C:\Program Files\Intel\WiFi\bin\;C:\Program Files\Common Files\Intel\WirelessCommon\;C:\Program Files\Android\Android Studio\jre\bin;C:\Users\LAP11852-local\AppData\Local\Android\Sdk\tools\proguard\lib;C:\Users\LAP11852-local\AppData\Local\Android\Sdk\platform-tools;D:\FlutterSDKPath\flutter\bin;C:\curl-7.72.0-win64-mingw\bin;C:\Ruby27-x64\bin;C:\Users\LAP11852-local\AppData\Local\Microsoft\WindowsApps;C:\Users\LAP11852-local\AppData\Local\GitHubDesktop\bin;C:\Users\LAP11852-local\AppData\Local\Android\Sdk\platform-tools;D:\FlutterSDKPath\flutter\bin
USERNAME=LAP11852-local
OS=Windows_NT
PROCESSOR_IDENTIFIER=Intel64 Family 6 Model 142 Stepping 10, GenuineIntel



---------------  S Y S T E M  ---------------

OS: Windows 10.0 , 64 bit Build 17763 (10.0.17763.475)

CPU:total 8 (initial active 8) (4 cores per cpu, 2 threads per core) family 6 model 142 stepping 10, cmov, cx8, fxsr, mmx, sse, sse2, sse3, ssse3, sse4.1, sse4.2, popcnt, avx, avx2, aes, clmul, erms, 3dnowpref, lzcnt, ht, tsc, tscinvbit, bmi1, bmi2, adx

Memory: 4k page, physical 16431680k(2567684k free), swap 28027964k(4096k free)

vm_info: OpenJDK 64-Bit Server VM (25.242-b01) for windows-amd64 JRE (1.8.0_242-release-1644-b01), built by "builder" with MS VC++ 10.0 (VS2010)

time: Mon Oct 12 23:12:00 2020
timezone: SE Asia Standard Time
elapsed time: 593 seconds (0d 0h 9m 53s)

