#
# There is insufficient memory for the Java Runtime Environment to continue.
# Native memory allocation (malloc) failed to allocate 1116768 bytes for Chunk::new
# Possible reasons:
#   The system is out of physical RAM or swap space
#   The process is running with CompressedOops enabled, and the Java Heap may be blocking the growth of the native heap
# Possible solutions:
#   Reduce memory load on the system
#   Increase physical memory or swap space
#   Check if swap backing store is full
#   Decrease Java heap size (-Xmx/-Xms)
#   Decrease number of Java threads
#   Decrease Java thread stack sizes (-Xss)
#   Set larger code cache with -XX:ReservedCodeCacheSize=
#   JVM is running with Zero Based Compressed Oops mode in which the Java heap is
#     placed in the first 32GB address space. The Java Heap base address is the
#     maximum limit for the native heap growth. Please use -XX:HeapBaseMinAddress
#     to set the Java Heap base and to place the Java Heap above 32GB virtual address.
# This output file may be truncated or incomplete.
#
#  Out of Memory Error (allocation.cpp:389), pid=24348, tid=0x0000000000003c60
#
# JRE version: OpenJDK Runtime Environment (8.0_242-b01) (build 1.8.0_242-release-1644-b01)
# Java VM: OpenJDK 64-Bit Server VM (25.242-b01 mixed mode windows-amd64 compressed oops)
# Failed to write core dump. Minidumps are not enabled by default on client versions of Windows
#

---------------  T H R E A D  ---------------

Current thread (0x000000001b27e800):  JavaThread "C2 CompilerThread2" daemon [_thread_in_native, id=15456, stack(0x000000001bd40000,0x000000001be40000)]

Stack: [0x000000001bd40000,0x000000001be40000]
[error occurred during error reporting (printing stack bounds), id 0xc0000005]

Native frames: (J=compiled Java code, j=interpreted, Vv=VM code, C=native code)


Current CompileTask:
C2:  30288 12551   !   4       java.net.URLClassLoader$1::run (63 bytes)


---------------  P R O C E S S  ---------------

Java Threads: ( => current thread )
  0x000000001ce8f000 JavaThread "Kotlin DSL Writer" [_thread_blocked, id=1608, stack(0x000000002c020000,0x000000002c120000)]
  0x000000001ce90000 JavaThread "Cache worker for Build Output Cleanup Cache (D:\GIT_PROJCT\Work\AnimeListKMM\.gradle\buildOutputCleanup)" [_thread_blocked, id=14140, stack(0x000000002a750000,0x000000002a850000)]
  0x000000001ce8d000 JavaThread "Cache worker for file content cache (C:\Users\LAP11852-local\.gradle\caches\6.1.1\fileContent)" [_thread_blocked, id=12816, stack(0x0000000027f50000,0x0000000028050000)]
  0x000000001ce93800 JavaThread "Memory manager" [_thread_blocked, id=9448, stack(0x0000000027e50000,0x0000000027f50000)]
  0x000000001ce8e800 JavaThread "Build operations Thread 8" [_thread_blocked, id=2720, stack(0x0000000027550000,0x0000000027650000)]
  0x000000001ce85800 JavaThread "Build operations Thread 7" [_thread_blocked, id=24240, stack(0x0000000027450000,0x0000000027550000)]
  0x000000001ce86000 JavaThread "Build operations Thread 6" [_thread_blocked, id=23656, stack(0x0000000027350000,0x0000000027450000)]
  0x000000001ce8c000 JavaThread "Build operations Thread 5" [_thread_blocked, id=17844, stack(0x0000000027250000,0x0000000027350000)]
  0x000000001ce8b800 JavaThread "Build operations Thread 4" [_thread_blocked, id=22032, stack(0x0000000027150000,0x0000000027250000)]
  0x000000001ce8a800 JavaThread "Build operations Thread 3" [_thread_blocked, id=25472, stack(0x0000000026050000,0x0000000026150000)]
  0x000000001ce87800 JavaThread "Build operations Thread 2" [_thread_blocked, id=20608, stack(0x0000000025f50000,0x0000000026050000)]
  0x000000001ce87000 JavaThread "Build operations" [_thread_blocked, id=16252, stack(0x0000000025e50000,0x0000000025f50000)]
  0x000000001e459800 JavaThread "Cache worker for execution history cache (C:\Users\LAP11852-local\.gradle\caches\6.1.1\executionHistory)" [_thread_blocked, id=15020, stack(0x0000000023e60000,0x0000000023f60000)]
  0x000000001e45e000 JavaThread "Cache worker for cache directory md-rule (C:\Users\LAP11852-local\.gradle\caches\6.1.1\md-rule)" [_thread_blocked, id=19656, stack(0x0000000023d60000,0x0000000023e60000)]
  0x000000001e460000 JavaThread "Cache worker for cache directory md-supplier (C:\Users\LAP11852-local\.gradle\caches\6.1.1\md-supplier)" [_thread_blocked, id=19128, stack(0x0000000023c60000,0x0000000023d60000)]
  0x000000001e45c800 JavaThread "Cache worker for file hash cache (D:\GIT_PROJCT\Work\AnimeListKMM\.gradle\6.1.1\fileHashes)" [_thread_blocked, id=19384, stack(0x0000000023960000,0x0000000023a60000)]
  0x000000001e45d000 JavaThread "Cache worker for checksums cache (D:\GIT_PROJCT\Work\AnimeListKMM\.gradle\checksums)" [_thread_blocked, id=13240, stack(0x00000000226c0000,0x00000000227c0000)]
  0x000000001e45f800 JavaThread "Cache worker for file hash cache (C:\Users\LAP11852-local\.gradle\caches\6.1.1\fileHashes)" [_thread_blocked, id=15756, stack(0x0000000020070000,0x0000000020170000)]
  0x000000001e45e800 JavaThread "File lock request listener" [_thread_in_native, id=12840, stack(0x000000001ff70000,0x0000000020070000)]
  0x000000001c1eb000 JavaThread "Cache worker for journal cache (C:\Users\LAP11852-local\.gradle\caches\journal-1)" [_thread_blocked, id=13068, stack(0x000000001fe70000,0x000000001ff70000)]
  0x000000001e312000 JavaThread "Thread-9" [_thread_blocked, id=11892, stack(0x000000001fb70000,0x000000001fc70000)]
  0x000000001e30f000 JavaThread "Stdin handler" [_thread_blocked, id=24940, stack(0x000000001fa70000,0x000000001fb70000)]
  0x000000001e30e800 JavaThread "Asynchronous log dispatcher for DefaultDaemonConnection: socket connection from /127.0.0.1:56294 to /127.0.0.1:56295" [_thread_blocked, id=15236, stack(0x000000001f870000,0x000000001f970000)]
  0x000000001e259000 JavaThread "Daemon worker" [_thread_in_native, id=10948, stack(0x000000001f770000,0x000000001f870000)]
  0x000000001e257000 JavaThread "Cancel handler" [_thread_blocked, id=11964, stack(0x000000001f670000,0x000000001f770000)]
  0x000000001e26b800 JavaThread "Handler for socket connection from /127.0.0.1:56294 to /127.0.0.1:56295" [_thread_in_native, id=20244, stack(0x000000001f370000,0x000000001f470000)]
  0x000000001e20a000 JavaThread "Daemon" [_thread_blocked, id=12304, stack(0x000000001f270000,0x000000001f370000)]
  0x000000001e27a800 JavaThread "Daemon periodic checks" [_thread_blocked, id=21284, stack(0x000000001f170000,0x000000001f270000)]
  0x000000001e27a000 JavaThread "Incoming local TCP Connector on port 56294" [_thread_in_native, id=12676, stack(0x000000001ef30000,0x000000001f030000)]
  0x000000001e1e0800 JavaThread "Daemon health stats" [_thread_blocked, id=19216, stack(0x000000001d910000,0x000000001da10000)]
  0x000000001b308800 JavaThread "Service Thread" daemon [_thread_blocked, id=21668, stack(0x000000001bf40000,0x000000001c040000)]
  0x000000001b286800 JavaThread "C1 CompilerThread3" daemon [_thread_blocked, id=17656, stack(0x000000001be40000,0x000000001bf40000)]
=>0x000000001b27e800 JavaThread "C2 CompilerThread2" daemon [_thread_in_native, id=15456, stack(0x000000001bd40000,0x000000001be40000)]
  0x000000001b278000 JavaThread "C2 CompilerThread1" daemon [_thread_in_native, id=21936, stack(0x000000001bc40000,0x000000001bd40000)]
  0x000000001b275800 JavaThread "C2 CompilerThread0" daemon [_thread_in_native, id=2236, stack(0x000000001bb40000,0x000000001bc40000)]
  0x000000001b274800 JavaThread "Attach Listener" daemon [_thread_blocked, id=24872, stack(0x000000001ba40000,0x000000001bb40000)]
  0x000000001b273800 JavaThread "Signal Dispatcher" daemon [_thread_blocked, id=21632, stack(0x000000001b940000,0x000000001ba40000)]
  0x000000001b260800 JavaThread "Finalizer" daemon [_thread_blocked, id=16620, stack(0x000000001b740000,0x000000001b840000)]
  0x0000000003088800 JavaThread "Reference Handler" daemon [_thread_blocked, id=16460, stack(0x000000001b640000,0x000000001b740000)]
  0x000000000315e800 JavaThread "main" [_thread_blocked, id=21532, stack(0x0000000002e70000,0x0000000002f70000)]

Other Threads:
  0x0000000019476800 VMThread [stack: 0x000000001b140000,0x000000001b240000] [id=10956]
  0x000000001b2cb000 WatcherThread [stack: 0x000000001c040000,0x000000001c140000] [id=10800]

VM state:not at safepoint (normal execution)

VM Mutex/Monitor currently owned by a thread: None

heap address: 0x0000000720000000, size: 2560 MB, Compressed Oops mode: Zero based, Oop shift amount: 3
Narrow klass base: 0x0000000000000000, Narrow klass shift: 3
Compressed class space size: 1073741824 Address: 0x00000007c0000000

Heap:
 PSYoungGen      total 282624K, used 160417K [0x000000078ab00000, 0x000000079f180000, 0x00000007c0000000)
  eden space 249856K, 55% used [0x000000078ab00000,0x000000079322e8d0,0x0000000799f00000)
  from space 32768K, 67% used [0x000000079c480000,0x000000079d9f9bd0,0x000000079e480000)
  to   space 38400K, 0% used [0x0000000799f00000,0x0000000799f00000,0x000000079c480000)
 ParOldGen       total 240640K, used 75134K [0x0000000720000000, 0x000000072eb00000, 0x000000078ab00000)
  object space 240640K, 31% used [0x0000000720000000,0x000000072495f938,0x000000072eb00000)
 Metaspace       used 110377K, capacity 113499K, committed 114048K, reserved 1148928K
  class space    used 14508K, capacity 15219K, committed 15232K, reserved 1048576K

Card table byte_map: [0x0000000012520000,0x0000000012a30000] byte_map_base: 0x000000000ec20000

Marking Bits: (ParMarkBitMap*) 0x000000006527f030
 Begin Bits: [0x0000000013590000, 0x0000000015d90000)
 End Bits:   [0x0000000015d90000, 0x0000000018590000)

Polling page: 0x0000000001150000

CodeCache: size=245760Kb used=37817Kb max_used=37817Kb free=207942Kb
 bounds [0x0000000003160000, 0x0000000005680000, 0x0000000012160000]
 total_blobs=12420 nmethods=11540 adapters=792
 compilation: enabled

Compilation events (10 events):
Event: 30.228 Thread 0x000000001b286800 nmethod 12783 0x000000000566c990 code [0x000000000566cb00, 0x000000000566cdb0]
Event: 30.231 Thread 0x000000001b286800 12784       3       org.objectweb.asm.Type::getType (10 bytes)
Event: 30.231 Thread 0x000000001b286800 nmethod 12784 0x000000000566ce50 code [0x000000000566cfc0, 0x000000000566d228]
Event: 30.260 Thread 0x000000001b286800 12785       3       org.gradle.internal.reflect.ClassInspector::visitGraph (98 bytes)
Event: 30.263 Thread 0x000000001b286800 nmethod 12785 0x000000000566d350 code [0x000000000566d640, 0x000000000566eb48]
Event: 30.269 Thread 0x000000001b286800 12787       3       java.lang.reflect.Constructor::isSynthetic (5 bytes)
Event: 30.270 Thread 0x000000001b286800 nmethod 12787 0x000000000566f690 code [0x000000000566f800, 0x000000000566fa90]
Event: 30.283 Thread 0x000000001b286800 12789       3       org.gradle.internal.reflect.annotations.impl.DefaultTypeAnnotationMetadataStore::validateSetterForMutableType (45 bytes)
Event: 30.286 Thread 0x000000001b286800 nmethod 12789 0x000000000566fb50 code [0x000000000566fe40, 0x0000000005671668]
Event: 30.286 Thread 0x000000001b286800 12793       3       com.google.common.collect.CompactHashSet::resizeMeMaybe (39 bytes)

GC Heap History (10 events):
Event: 20.176 GC heap before
{Heap before GC invocations=16 (full 3):
 PSYoungGen      total 229376K, used 229356K [0x000000078ab00000, 0x000000079ba00000, 0x00000007c0000000)
  eden space 206336K, 100% used [0x000000078ab00000,0x0000000797480000,0x0000000797480000)
  from space 23040K, 99% used [0x0000000799280000,0x000000079a8fb058,0x000000079a900000)
  to   space 30720K, 0% used [0x0000000797480000,0x0000000797480000,0x0000000799280000)
 ParOldGen       total 240640K, used 52374K [0x0000000720000000, 0x000000072eb00000, 0x000000078ab00000)
  object space 240640K, 21% used [0x0000000720000000,0x0000000723325a68,0x000000072eb00000)
 Metaspace       used 88693K, capacity 91197K, committed 91904K, reserved 1128448K
  class space    used 11966K, capacity 12537K, committed 12544K, reserved 1048576K
Event: 20.268 GC heap after
Heap after GC invocations=16 (full 3):
 PSYoungGen      total 237056K, used 24604K [0x000000078ab00000, 0x000000079e480000, 0x00000007c0000000)
  eden space 206336K, 0% used [0x000000078ab00000,0x000000078ab00000,0x0000000797480000)
  from space 30720K, 80% used [0x0000000797480000,0x0000000798c871d8,0x0000000799280000)
  to   space 32768K, 0% used [0x000000079c480000,0x000000079c480000,0x000000079e480000)
 ParOldGen       total 240640K, used 75122K [0x0000000720000000, 0x000000072eb00000, 0x000000078ab00000)
  object space 240640K, 31% used [0x0000000720000000,0x000000072495c950,0x000000072eb00000)
 Metaspace       used 88693K, capacity 91197K, committed 91904K, reserved 1128448K
  class space    used 11966K, capacity 12537K, committed 12544K, reserved 1048576K
}
Event: 22.112 GC heap before
{Heap before GC invocations=17 (full 3):
 PSYoungGen      total 237056K, used 230940K [0x000000078ab00000, 0x000000079e480000, 0x00000007c0000000)
  eden space 206336K, 100% used [0x000000078ab00000,0x0000000797480000,0x0000000797480000)
  from space 30720K, 80% used [0x0000000797480000,0x0000000798c871d8,0x0000000799280000)
  to   space 32768K, 0% used [0x000000079c480000,0x000000079c480000,0x000000079e480000)
 ParOldGen       total 240640K, used 75122K [0x0000000720000000, 0x000000072eb00000, 0x000000078ab00000)
  object space 240640K, 31% used [0x0000000720000000,0x000000072495c950,0x000000072eb00000)
 Metaspace       used 89451K, capacity 92061K, committed 92800K, reserved 1130496K
  class space    used 11988K, capacity 12545K, committed 12672K, reserved 1048576K
Event: 22.152 GC heap after
Heap after GC invocations=17 (full 3):
 PSYoungGen      total 282624K, used 32740K [0x000000078ab00000, 0x000000079f180000, 0x00000007c0000000)
  eden space 249856K, 0% used [0x000000078ab00000,0x000000078ab00000,0x0000000799f00000)
  from space 32768K, 99% used [0x000000079c480000,0x000000079e479298,0x000000079e480000)
  to   space 38400K, 0% used [0x0000000799f00000,0x0000000799f00000,0x000000079c480000)
 ParOldGen       total 240640K, used 78025K [0x0000000720000000, 0x000000072eb00000, 0x000000078ab00000)
  object space 240640K, 32% used [0x0000000720000000,0x0000000724c32648,0x000000072eb00000)
 Metaspace       used 89451K, capacity 92061K, committed 92800K, reserved 1130496K
  class space    used 11988K, capacity 12545K, committed 12672K, reserved 1048576K
}
Event: 23.121 GC heap before
{Heap before GC invocations=18 (full 3):
 PSYoungGen      total 282624K, used 111311K [0x000000078ab00000, 0x000000079f180000, 0x00000007c0000000)
  eden space 249856K, 31% used [0x000000078ab00000,0x000000078f7baa78,0x0000000799f00000)
  from space 32768K, 99% used [0x000000079c480000,0x000000079e479298,0x000000079e480000)
  to   space 38400K, 0% used [0x0000000799f00000,0x0000000799f00000,0x000000079c480000)
 ParOldGen       total 240640K, used 78025K [0x0000000720000000, 0x000000072eb00000, 0x000000078ab00000)
  object space 240640K, 32% used [0x0000000720000000,0x0000000724c32648,0x000000072eb00000)
 Metaspace       used 95141K, capacity 97837K, committed 98496K, reserved 1134592K
  class space    used 12639K, capacity 13242K, committed 13312K, reserved 1048576K
Event: 23.156 GC heap after
Heap after GC invocations=18 (full 3):
 PSYoungGen      total 288256K, used 9791K [0x000000078ab00000, 0x000000079f180000, 0x00000007c0000000)
  eden space 249856K, 0% used [0x000000078ab00000,0x000000078ab00000,0x0000000799f00000)
  from space 38400K, 25% used [0x0000000799f00000,0x000000079a88ff00,0x000000079c480000)
  to   space 32768K, 0% used [0x000000079c480000,0x000000079c480000,0x000000079e480000)
 ParOldGen       total 240640K, used 109994K [0x0000000720000000, 0x000000072eb00000, 0x000000078ab00000)
  object space 240640K, 45% used [0x0000000720000000,0x0000000726b6abd8,0x000000072eb00000)
 Metaspace       used 95141K, capacity 97837K, committed 98496K, reserved 1134592K
  class space    used 12639K, capacity 13242K, committed 13312K, reserved 1048576K
}
Event: 23.156 GC heap before
{Heap before GC invocations=19 (full 4):
 PSYoungGen      total 288256K, used 9791K [0x000000078ab00000, 0x000000079f180000, 0x00000007c0000000)
  eden space 249856K, 0% used [0x000000078ab00000,0x000000078ab00000,0x0000000799f00000)
  from space 38400K, 25% used [0x0000000799f00000,0x000000079a88ff00,0x000000079c480000)
  to   space 32768K, 0% used [0x000000079c480000,0x000000079c480000,0x000000079e480000)
 ParOldGen       total 240640K, used 109994K [0x0000000720000000, 0x000000072eb00000, 0x000000078ab00000)
  object space 240640K, 45% used [0x0000000720000000,0x0000000726b6abd8,0x000000072eb00000)
 Metaspace       used 95141K, capacity 97837K, committed 98496K, reserved 1134592K
  class space    used 12639K, capacity 13242K, committed 13312K, reserved 1048576K
Event: 23.438 GC heap after
Heap after GC invocations=19 (full 4):
 PSYoungGen      total 288256K, used 0K [0x000000078ab00000, 0x000000079f180000, 0x00000007c0000000)
  eden space 249856K, 0% used [0x000000078ab00000,0x000000078ab00000,0x0000000799f00000)
  from space 38400K, 0% used [0x0000000799f00000,0x0000000799f00000,0x000000079c480000)
  to   space 32768K, 0% used [0x000000079c480000,0x000000079c480000,0x000000079e480000)
 ParOldGen       total 240640K, used 75126K [0x0000000720000000, 0x000000072eb00000, 0x000000078ab00000)
  object space 240640K, 31% used [0x0000000720000000,0x000000072495d938,0x000000072eb00000)
 Metaspace       used 95141K, capacity 97837K, committed 98496K, reserved 1134592K
  class space    used 12639K, capacity 13242K, committed 13312K, reserved 1048576K
}
Event: 27.366 GC heap before
{Heap before GC invocations=20 (full 4):
 PSYoungGen      total 288256K, used 249856K [0x000000078ab00000, 0x000000079f180000, 0x00000007c0000000)
  eden space 249856K, 100% used [0x000000078ab00000,0x0000000799f00000,0x0000000799f00000)
  from space 38400K, 0% used [0x0000000799f00000,0x0000000799f00000,0x000000079c480000)
  to   space 32768K, 0% used [0x000000079c480000,0x000000079c480000,0x000000079e480000)
 ParOldGen       total 240640K, used 75126K [0x0000000720000000, 0x000000072eb00000, 0x000000078ab00000)
  object space 240640K, 31% used [0x0000000720000000,0x000000072495d938,0x000000072eb00000)
 Metaspace       used 103590K, capacity 106449K, committed 107264K, reserved 1142784K
  class space    used 13585K, capacity 14242K, committed 14336K, reserved 1048576K
Event: 27.393 GC heap after
Heap after GC invocations=20 (full 4):
 PSYoungGen      total 282624K, used 21990K [0x000000078ab00000, 0x000000079f180000, 0x00000007c0000000)
  eden space 249856K, 0% used [0x000000078ab00000,0x000000078ab00000,0x0000000799f00000)
  from space 32768K, 67% used [0x000000079c480000,0x000000079d9f9bd0,0x000000079e480000)
  to   space 38400K, 0% used [0x0000000799f00000,0x0000000799f00000,0x000000079c480000)
 ParOldGen       total 240640K, used 75134K [0x0000000720000000, 0x000000072eb00000, 0x000000078ab00000)
  object space 240640K, 31% used [0x0000000720000000,0x000000072495f938,0x000000072eb00000)
 Metaspace       used 103590K, capacity 106449K, committed 107264K, reserved 1142784K
  class space    used 13585K, capacity 14242K, committed 14336K, reserved 1048576K
}

Deoptimization events (10 events):
Event: 28.493 Thread 0x000000001e259000 Uncommon trap: reason=class_check action=maybe_recompile pc=0x0000000004c90738 method=org.jetbrains.kotlin.resolve.QualifiedExpressionResolver.storeResult(Lorg/jetbrains/kotlin/resolve/BindingTrace;Lorg/jetbrains/kotlin/psi/KtSimpleNameExpression;Lorg/jet
Event: 28.557 Thread 0x000000001e259000 Uncommon trap: reason=bimorphic action=maybe_recompile pc=0x00000000038c2b34 method=org.jetbrains.kotlin.resolve.QualifiedExpressionResolver.quickResolveToPackage(Lorg/jetbrains/kotlin/descriptors/ModuleDescriptor;Ljava/util/List;Lorg/jetbrains/kotlin/res
Event: 28.643 Thread 0x000000001e259000 Uncommon trap: reason=unstable_if action=reinterpret pc=0x0000000004af4ca8 method=java.util.concurrent.ConcurrentHashMap.get(Ljava/lang/Object;)Ljava/lang/Object; @ 152
Event: 28.643 Thread 0x000000001e259000 Uncommon trap: reason=unstable_if action=reinterpret pc=0x0000000003d5c648 method=java.util.concurrent.ConcurrentHashMap.get(Ljava/lang/Object;)Ljava/lang/Object; @ 152
Event: 28.668 Thread 0x000000001e259000 Uncommon trap: reason=unstable_if action=reinterpret pc=0x0000000005220a24 method=org.jetbrains.org.objectweb.asm.Frame.execute(IILorg/jetbrains/org/objectweb/asm/Symbol;Lorg/jetbrains/org/objectweb/asm/SymbolTable;)V @ 1955
Event: 28.709 Thread 0x000000001e259000 Uncommon trap: reason=unstable_if action=reinterpret pc=0x00000000050c874c method=org.jetbrains.org.objectweb.asm.ByteVector.putShort(I)Lorg/jetbrains/org/objectweb/asm/ByteVector; @ 13
Event: 28.766 Thread 0x000000001e259000 Uncommon trap: reason=bimorphic action=maybe_recompile pc=0x00000000032f3050 method=java.util.regex.Matcher.search(I)Z @ 86
Event: 28.809 Thread 0x000000001e259000 Uncommon trap: reason=bimorphic action=maybe_recompile pc=0x000000000430610c method=org.jetbrains.kotlin.protobuf.CodedOutputStream.refreshBuffer()V @ 28
Event: 30.087 Thread 0x000000001e259000 Uncommon trap: reason=unstable_if action=reinterpret pc=0x0000000003b7338c method=java.io.WinNTFileSystem.normalize(Ljava/lang/String;)Ljava/lang/String; @ 74
Event: 30.087 Thread 0x000000001e259000 Uncommon trap: reason=unstable_if action=reinterpret pc=0x000000000553a108 method=java.util.ArrayList.remove(I)Ljava/lang/Object; @ 31

Classes redefined (0 events):
No events

Internal exceptions (10 events):
Event: 29.858 Thread 0x000000001e259000 Exception <a 'java/lang/ClassNotFoundException': com/android/build/gradle/internal/api/ApkVariantOutputImplCustomizer> (0x0000000791d06898) thrown at [C:\src\AOSP-openjdk-git\hotspot\src\share\vm\classfile\systemDictionary.cpp, line 210]
Event: 29.860 Thread 0x000000001e259000 Exception <a 'java/lang/ClassNotFoundException': com/android/build/gradle/internal/api/ApkVariantOutputImpl_DecoratedCustomizer> (0x0000000791d3e6c8) thrown at [C:\src\AOSP-openjdk-git\hotspot\src\share\vm\classfile\systemDictionary.cpp, line 210]
Event: 30.063 Thread 0x000000001e259000 Exception <a 'java/lang/ClassNotFoundException': org/gradle/api/internal/file/collections/DefaultConfigurableFileTreeBeanInfo> (0x0000000792545de0) thrown at [C:\src\AOSP-openjdk-git\hotspot\src\share\vm\classfile\systemDictionary.cpp, line 210]
Event: 30.064 Thread 0x000000001e259000 Exception <a 'java/lang/ClassNotFoundException': org/gradle/api/internal/file/CompositeFileTreeBeanInfo> (0x0000000792560a70) thrown at [C:\src\AOSP-openjdk-git\hotspot\src\share\vm\classfile\systemDictionary.cpp, line 210]
Event: 30.064 Thread 0x000000001e259000 Exception <a 'java/lang/ClassNotFoundException': org/gradle/api/internal/file/CompositeFileCollectionBeanInfo> (0x000000079257d5b8) thrown at [C:\src\AOSP-openjdk-git\hotspot\src\share\vm\classfile\systemDictionary.cpp, line 210]
Event: 30.065 Thread 0x000000001e259000 Exception <a 'java/lang/ClassNotFoundException': org/gradle/api/internal/file/AbstractFileCollectionBeanInfo> (0x000000079259a070) thrown at [C:\src\AOSP-openjdk-git\hotspot\src\share\vm\classfile\systemDictionary.cpp, line 210]
Event: 30.065 Thread 0x000000001e259000 Exception <a 'java/lang/ClassNotFoundException': org/gradle/api/internal/file/AbstractFileCollectionCustomizer> (0x00000007925b7158) thrown at [C:\src\AOSP-openjdk-git\hotspot\src\share\vm\classfile\systemDictionary.cpp, line 210]
Event: 30.067 Thread 0x000000001e259000 Exception <a 'java/lang/ClassNotFoundException': org/gradle/api/internal/file/CompositeFileCollectionCustomizer> (0x00000007925e5598) thrown at [C:\src\AOSP-openjdk-git\hotspot\src\share\vm\classfile\systemDictionary.cpp, line 210]
Event: 30.069 Thread 0x000000001e259000 Exception <a 'java/lang/ClassNotFoundException': org/gradle/api/internal/file/CompositeFileTreeCustomizer> (0x000000079260f918) thrown at [C:\src\AOSP-openjdk-git\hotspot\src\share\vm\classfile\systemDictionary.cpp, line 210]
Event: 30.071 Thread 0x000000001e259000 Exception <a 'java/lang/ClassNotFoundException': org/gradle/api/internal/file/collections/DefaultConfigurableFileTreeCustomizer> (0x000000079263dee0) thrown at [C:\src\AOSP-openjdk-git\hotspot\src\share\vm\classfile\systemDictionary.cpp, line 210]

Events (10 events):
Event: 30.276 loading class org/jetbrains/kotlin/gradle/tasks/AbstractKotlinCompile$coroutines$2
Event: 30.276 loading class org/jetbrains/kotlin/gradle/tasks/AbstractKotlinCompile$coroutines$2 done
Event: 30.276 loading class org/jetbrains/kotlin/gradle/tasks/AbstractKotlinCompile$moduleName$2
Event: 30.276 loading class org/jetbrains/kotlin/gradle/tasks/AbstractKotlinCompile$moduleName$2 done
Event: 30.277 loading class org/jetbrains/kotlin/gradle/tasks/AbstractKotlinCompile$friendPaths$2
Event: 30.277 loading class org/jetbrains/kotlin/gradle/tasks/AbstractKotlinCompile$friendPaths$2 done
Event: 30.278 loading class org/jetbrains/kotlin/gradle/tasks/AbstractKotlinCompile$isMultiplatform$2
Event: 30.278 loading class org/jetbrains/kotlin/gradle/tasks/AbstractKotlinCompile$isMultiplatform$2 done
Event: 30.280 loading class org/jetbrains/kotlin/gradle/tasks/KotlinCompile$compilerArgumentsContributor$2
Event: 30.280 loading class org/jetbrains/kotlin/gradle/tasks/KotlinCompile$compilerArgumentsContributor$2 done


Dynamic libraries:
0x00007ff7cb9f0000 - 0x00007ff7cba21000 	C:\Program Files\Android\Android Studio\jre\bin\java.exe
0x00007ffdf6c40000 - 0x00007ffdf6e2d000 	C:\WINDOWS\SYSTEM32\ntdll.dll
0x00007ffdf6b50000 - 0x00007ffdf6c03000 	C:\WINDOWS\System32\KERNEL32.DLL
0x00007ffdf2fd0000 - 0x00007ffdf3264000 	C:\WINDOWS\System32\KERNELBASE.dll
0x00007ffdf5f60000 - 0x00007ffdf6003000 	C:\WINDOWS\System32\ADVAPI32.dll
0x00007ffdf5570000 - 0x00007ffdf560e000 	C:\WINDOWS\System32\msvcrt.dll
0x00007ffdf64d0000 - 0x00007ffdf656e000 	C:\WINDOWS\System32\sechost.dll
0x00007ffdf5e30000 - 0x00007ffdf5f52000 	C:\WINDOWS\System32\RPCRT4.dll
0x00007ffdf5a90000 - 0x00007ffdf5c27000 	C:\WINDOWS\System32\USER32.dll
0x00007ffdf2e90000 - 0x00007ffdf2eb0000 	C:\WINDOWS\System32\win32u.dll
0x00007ffdf65f0000 - 0x00007ffdf6619000 	C:\WINDOWS\System32\GDI32.dll
0x00007ffdf2cf0000 - 0x00007ffdf2e8c000 	C:\WINDOWS\System32\gdi32full.dll
0x00007ffdf2eb0000 - 0x00007ffdf2f50000 	C:\WINDOWS\System32\msvcp_win.dll
0x00007ffdf3270000 - 0x00007ffdf336a000 	C:\WINDOWS\System32\ucrtbase.dll
0x00007ffdd89a0000 - 0x00007ffdd8c19000 	C:\WINDOWS\WinSxS\amd64_microsoft.windows.common-controls_6595b64144ccf1df_6.0.17763.1457_none_de7243e4534a70d1\COMCTL32.dll
0x00007ffdf61a0000 - 0x00007ffdf64cd000 	C:\WINDOWS\System32\combase.dll
0x00007ffdf2f50000 - 0x00007ffdf2fce000 	C:\WINDOWS\System32\bcryptPrimitives.dll
0x00007ffdf5d90000 - 0x00007ffdf5dbe000 	C:\WINDOWS\System32\IMM32.DLL
0x0000000065c20000 - 0x0000000065cf2000 	C:\Program Files\Android\Android Studio\jre\jre\bin\msvcr100.dll
0x0000000064ab0000 - 0x00000000652fb000 	C:\Program Files\Android\Android Studio\jre\jre\bin\server\jvm.dll
0x00007ffdf6030000 - 0x00007ffdf6038000 	C:\WINDOWS\System32\PSAPI.DLL
0x00007ffdef880000 - 0x00007ffdef8a4000 	C:\WINDOWS\SYSTEM32\WINMM.dll
0x00007ffdeb7d0000 - 0x00007ffdeb7da000 	C:\WINDOWS\SYSTEM32\VERSION.dll
0x00007ffddf330000 - 0x00007ffddf339000 	C:\WINDOWS\SYSTEM32\WSOCK32.dll
0x00007ffdf5dc0000 - 0x00007ffdf5e2d000 	C:\WINDOWS\System32\WS2_32.dll
0x00007ffdef850000 - 0x00007ffdef87d000 	C:\WINDOWS\SYSTEM32\WINMMBASE.dll
0x00007ffdf3c00000 - 0x00007ffdf3c4a000 	C:\WINDOWS\System32\cfgmgr32.dll
0x00007ffdeff10000 - 0x00007ffdeff1f000 	C:\Program Files\Android\Android Studio\jre\jre\bin\verify.dll
0x00007ffdeeea0000 - 0x00007ffdeeec9000 	C:\Program Files\Android\Android Studio\jre\jre\bin\java.dll
0x00007ffdeedb0000 - 0x00007ffdeedc6000 	C:\Program Files\Android\Android Studio\jre\jre\bin\zip.dll
0x00007ffdf3e60000 - 0x00007ffdf5359000 	C:\WINDOWS\System32\SHELL32.dll
0x00007ffdf5850000 - 0x00007ffdf58f9000 	C:\WINDOWS\System32\shcore.dll
0x00007ffdf3480000 - 0x00007ffdf3bd2000 	C:\WINDOWS\System32\windows.storage.dll
0x00007ffdf2ca0000 - 0x00007ffdf2cc4000 	C:\WINDOWS\System32\profapi.dll
0x00007ffdf2c40000 - 0x00007ffdf2c9d000 	C:\WINDOWS\System32\powrprof.dll
0x00007ffdf5a30000 - 0x00007ffdf5a82000 	C:\WINDOWS\System32\shlwapi.dll
0x00007ffdf2c20000 - 0x00007ffdf2c31000 	C:\WINDOWS\System32\kernel.appcore.dll
0x00007ffdf3be0000 - 0x00007ffdf3bf7000 	C:\WINDOWS\System32\cryptsp.dll
0x00007ffdeed90000 - 0x00007ffdeedaa000 	C:\Program Files\Android\Android Studio\jre\jre\bin\net.dll
0x00007ffdf2480000 - 0x00007ffdf24e7000 	C:\WINDOWS\system32\mswsock.dll
0x00007ffdeed70000 - 0x00007ffdeed83000 	C:\Program Files\Android\Android Studio\jre\jre\bin\nio.dll
0x00007ffde2e00000 - 0x00007ffde2e26000 	C:\Users\LAP11852-local\.gradle\native\31\windows-amd64\native-platform.dll
0x00007ffdeed60000 - 0x00007ffdeed6d000 	C:\Program Files\Android\Android Studio\jre\jre\bin\management.dll
0x00007ffdf2000000 - 0x00007ffdf2033000 	C:\WINDOWS\system32\rsaenh.dll
0x00007ffdf3e30000 - 0x00007ffdf3e56000 	C:\WINDOWS\System32\bcrypt.dll
0x00007ffdf2b10000 - 0x00007ffdf2b38000 	C:\WINDOWS\SYSTEM32\USERENV.dll
0x00007ffdf2650000 - 0x00007ffdf265c000 	C:\WINDOWS\SYSTEM32\CRYPTBASE.dll
0x00007ffdf21a0000 - 0x00007ffdf21dd000 	C:\WINDOWS\SYSTEM32\IPHLPAPI.DLL
0x00007ffdf5670000 - 0x00007ffdf5678000 	C:\WINDOWS\System32\NSI.dll
0x00007ffde3950000 - 0x00007ffde3966000 	C:\WINDOWS\SYSTEM32\dhcpcsvc6.DLL
0x00007ffde8c90000 - 0x00007ffde8cac000 	C:\WINDOWS\SYSTEM32\dhcpcsvc.DLL
0x00007ffdf21e0000 - 0x00007ffdf22a7000 	C:\WINDOWS\SYSTEM32\DNSAPI.dll

VM Arguments:
jvm_args: -Xmx2560m -Dfile.encoding=windows-1252 -Duser.country=US -Duser.language=en -Duser.variant 
java_command: org.gradle.launcher.daemon.bootstrap.GradleDaemon 6.1.1
java_class_path (initial): C:\Users\LAP11852-local\.gradle\wrapper\dists\gradle-6.1.1-all\cfmwm155h49vnt3hynmlrsdst\gradle-6.1.1\lib\gradle-launcher-6.1.1.jar
Launcher Type: SUN_STANDARD

Environment Variables:
PATH=C:\WINDOWS\system32;C:\WINDOWS;C:\WINDOWS\System32\Wbem;C:\WINDOWS\System32\WindowsPowerShell\v1.0\;C:\WINDOWS\System32\OpenSSH\;C:\Users\LAP11852-local\Downloads\adb\platform-tools;C:\Program Files\Git\cmd;C:\Program Files\Intel\WiFi\bin\;C:\Program Files\Common Files\Intel\WirelessCommon\;C:\Program Files\Android\Android Studio\jre\bin;C:\Users\LAP11852-local\AppData\Local\Android\Sdk\tools\proguard\lib;C:\Users\LAP11852-local\AppData\Local\Android\Sdk\platform-tools;D:\FlutterSDKPath\flutter\bin;C:\curl-7.72.0-win64-mingw\bin;C:\Ruby27-x64\bin;C:\Users\LAP11852-local\AppData\Local\Microsoft\WindowsApps;C:\Users\LAP11852-local\AppData\Local\GitHubDesktop\bin;C:\Users\LAP11852-local\AppData\Local\Android\Sdk\platform-tools;D:\FlutterSDKPath\flutter\bin
USERNAME=LAP11852-local
OS=Windows_NT
PROCESSOR_IDENTIFIER=Intel64 Family 6 Model 142 Stepping 10, GenuineIntel



---------------  S Y S T E M  ---------------

OS: Windows 10.0 , 64 bit Build 17763 (10.0.17763.475)

CPU:total 8 (initial active 8) (4 cores per cpu, 2 threads per core) family 6 model 142 stepping 10, cmov, cx8, fxsr, mmx, sse, sse2, sse3, ssse3, sse4.1, sse4.2, popcnt, avx, avx2, aes, clmul, erms, 3dnowpref, lzcnt, ht, tsc, tscinvbit, bmi1, bmi2, adx

Memory: 4k page, physical 16431680k(2527644k free), swap 28027964k(5644k free)

vm_info: OpenJDK 64-Bit Server VM (25.242-b01) for windows-amd64 JRE (1.8.0_242-release-1644-b01), built by "builder" with MS VC++ 10.0 (VS2010)

time: Mon Oct 12 23:12:44 2020
timezone: SE Asia Standard Time
elapsed time: 30 seconds (0d 0h 0m 30s)

