#
# There is insufficient memory for the Java Runtime Environment to continue.
# Native memory allocation (malloc) failed to allocate 1168496 bytes for Chunk::new
# Possible reasons:
#   The system is out of physical RAM or swap space
#   The process is running with CompressedOops enabled, and the Java Heap may be blocking the growth of the native heap
# Possible solutions:
#   Reduce memory load on the system
#   Increase physical memory or swap space
#   Check if swap backing store is full
#   Decrease Java heap size (-Xmx/-Xms)
#   Decrease number of Java threads
#   Decrease Java thread stack sizes (-Xss)
#   Set larger code cache with -XX:ReservedCodeCacheSize=
#   JVM is running with Zero Based Compressed Oops mode in which the Java heap is
#     placed in the first 32GB address space. The Java Heap base address is the
#     maximum limit for the native heap growth. Please use -XX:HeapBaseMinAddress
#     to set the Java Heap base and to place the Java Heap above 32GB virtual address.
# This output file may be truncated or incomplete.
#
#  Out of Memory Error (allocation.cpp:389), pid=12580, tid=0x0000000000005434
#
# JRE version: OpenJDK Runtime Environment (8.0_242-b01) (build 1.8.0_242-release-1644-b01)
# Java VM: OpenJDK 64-Bit Server VM (25.242-b01 mixed mode windows-amd64 compressed oops)
# Failed to write core dump. Minidumps are not enabled by default on client versions of Windows
#

---------------  T H R E A D  ---------------

Current thread (0x000000001940e800):  JavaThread "C2 CompilerThread2" daemon [_thread_in_native, id=21556, stack(0x000000001bce0000,0x000000001bde0000)]

Stack: [0x000000001bce0000,0x000000001bde0000]
[error occurred during error reporting (printing stack bounds), id 0xc0000005]

Native frames: (J=compiled Java code, j=interpreted, Vv=VM code, C=native code)


Current CompileTask:
C2:  26580 8937       4       org.jetbrains.kotlin.metadata.ProtoBuf$Function::isInitialized (217 bytes)


---------------  P R O C E S S  ---------------

Java Threads: ( => current thread )
  0x000000002382d000 JavaThread "Cache worker for Build Output Cleanup Cache (D:\GIT_PROJCT\Work\AnimeListKMM\.gradle\buildOutputCleanup)" [_thread_blocked, id=19296, stack(0x0000000027d60000,0x0000000027e60000)]
  0x000000002382f800 JavaThread "Cache worker for file content cache (C:\Users\LAP11852-local\.gradle\caches\6.1.1\fileContent)" [_thread_blocked, id=9632, stack(0x0000000026f60000,0x0000000027060000)]
  0x0000000023832800 JavaThread "Memory manager" [_thread_blocked, id=7152, stack(0x0000000026e60000,0x0000000026f60000)]
  0x0000000023834000 JavaThread "Build operations Thread 8" [_thread_blocked, id=9300, stack(0x0000000026560000,0x0000000026660000)]
  0x0000000023825800 JavaThread "Build operations Thread 7" [_thread_blocked, id=21160, stack(0x0000000026460000,0x0000000026560000)]
  0x0000000023828000 JavaThread "Build operations Thread 6" [_thread_blocked, id=10160, stack(0x0000000026360000,0x0000000026460000)]
  0x0000000023827000 JavaThread "Build operations Thread 5" [_thread_blocked, id=5080, stack(0x0000000026260000,0x0000000026360000)]
  0x000000002382c800 JavaThread "Build operations Thread 4" [_thread_blocked, id=11172, stack(0x0000000026160000,0x0000000026260000)]
  0x000000002382b000 JavaThread "Build operations Thread 3" [_thread_blocked, id=1396, stack(0x0000000026060000,0x0000000026160000)]
  0x0000000023825000 JavaThread "Build operations Thread 2" [_thread_blocked, id=10680, stack(0x0000000025f60000,0x0000000026060000)]
  0x0000000023826800 JavaThread "Build operations" [_thread_blocked, id=15056, stack(0x0000000025e60000,0x0000000025f60000)]
  0x000000001e084000 JavaThread "Cache worker for execution history cache (C:\Users\LAP11852-local\.gradle\caches\6.1.1\executionHistory)" [_thread_blocked, id=12504, stack(0x0000000023e00000,0x0000000023f00000)]
  0x000000001e07f800 JavaThread "Cache worker for cache directory md-rule (C:\Users\LAP11852-local\.gradle\caches\6.1.1\md-rule)" [_thread_blocked, id=25256, stack(0x0000000023d00000,0x0000000023e00000)]
  0x000000001e07e800 JavaThread "Cache worker for cache directory md-supplier (C:\Users\LAP11852-local\.gradle\caches\6.1.1\md-supplier)" [_thread_blocked, id=7188, stack(0x0000000023c00000,0x0000000023d00000)]
  0x000000001e081800 JavaThread "Cache worker for file hash cache (D:\GIT_PROJCT\Work\AnimeListKMM\.gradle\6.1.1\fileHashes)" [_thread_blocked, id=12664, stack(0x0000000023900000,0x0000000023a00000)]
  0x000000001e080000 JavaThread "Cache worker for checksums cache (D:\GIT_PROJCT\Work\AnimeListKMM\.gradle\checksums)" [_thread_blocked, id=19652, stack(0x0000000022660000,0x0000000022760000)]
  0x000000001e083000 JavaThread "Cache worker for file hash cache (C:\Users\LAP11852-local\.gradle\caches\6.1.1\fileHashes)" [_thread_blocked, id=23088, stack(0x0000000020010000,0x0000000020110000)]
  0x000000001e07e000 JavaThread "File lock request listener" [_thread_in_native, id=22148, stack(0x000000001ff10000,0x0000000020010000)]
  0x000000001e077000 JavaThread "Cache worker for journal cache (C:\Users\LAP11852-local\.gradle\caches\journal-1)" [_thread_blocked, id=25508, stack(0x000000001fe10000,0x000000001ff10000)]
  0x000000001e01e800 JavaThread "Thread-9" [_thread_blocked, id=24856, stack(0x000000001fb10000,0x000000001fc10000)]
  0x000000001e0f9000 JavaThread "Stdin handler" [_thread_blocked, id=22236, stack(0x000000001fa10000,0x000000001fb10000)]
  0x000000001e041800 JavaThread "Asynchronous log dispatcher for DefaultDaemonConnection: socket connection from /127.0.0.1:56305 to /127.0.0.1:56306" [_thread_blocked, id=19516, stack(0x000000001f810000,0x000000001f910000)]
  0x000000001e03c000 JavaThread "Daemon worker" [_thread_in_native, id=9032, stack(0x000000001f710000,0x000000001f810000)]
  0x000000001e019800 JavaThread "Cancel handler" [_thread_blocked, id=13308, stack(0x000000001f610000,0x000000001f710000)]
  0x000000001df97000 JavaThread "Handler for socket connection from /127.0.0.1:56305 to /127.0.0.1:56306" [_thread_in_native, id=10428, stack(0x000000001f310000,0x000000001f410000)]
  0x000000001df91800 JavaThread "Daemon" [_thread_blocked, id=1348, stack(0x000000001f210000,0x000000001f310000)]
  0x000000001df87000 JavaThread "Daemon periodic checks" [_thread_blocked, id=2700, stack(0x000000001f110000,0x000000001f210000)]
  0x000000001dfcc000 JavaThread "Incoming local TCP Connector on port 56305" [_thread_in_native, id=6464, stack(0x000000001eed0000,0x000000001efd0000)]
  0x000000001def4800 JavaThread "Daemon health stats" [_thread_blocked, id=15880, stack(0x000000001d8b0000,0x000000001d9b0000)]
  0x000000001b2a1800 JavaThread "Service Thread" daemon [_thread_blocked, id=12956, stack(0x000000001bee0000,0x000000001bfe0000)]
  0x000000001b21d000 JavaThread "C1 CompilerThread3" daemon [_thread_blocked, id=4304, stack(0x000000001bde0000,0x000000001bee0000)]
=>0x000000001940e800 JavaThread "C2 CompilerThread2" daemon [_thread_in_native, id=21556, stack(0x000000001bce0000,0x000000001bde0000)]
  0x000000001940c800 JavaThread "C2 CompilerThread1" daemon [_thread_blocked, id=3772, stack(0x000000001bbe0000,0x000000001bce0000)]
  0x000000001b216800 JavaThread "C2 CompilerThread0" daemon [_thread_blocked, id=18524, stack(0x000000001bae0000,0x000000001bbe0000)]
  0x000000001b215000 JavaThread "Attach Listener" daemon [_thread_blocked, id=5600, stack(0x000000001b9e0000,0x000000001bae0000)]
  0x000000001b214000 JavaThread "Signal Dispatcher" daemon [_thread_blocked, id=17788, stack(0x000000001b8e0000,0x000000001b9e0000)]
  0x00000000030de000 JavaThread "Finalizer" daemon [_thread_blocked, id=21520, stack(0x000000001b6e0000,0x000000001b7e0000)]
  0x00000000030d7000 JavaThread "Reference Handler" daemon [_thread_blocked, id=13860, stack(0x000000001b5e0000,0x000000001b6e0000)]
  0x0000000002e2e800 JavaThread "main" [_thread_blocked, id=4056, stack(0x0000000002ee0000,0x0000000002fe0000)]

Other Threads:
  0x00000000193f6000 VMThread [stack: 0x000000001b0e0000,0x000000001b1e0000] [id=24740]
  0x000000001b2a2000 WatcherThread [stack: 0x000000001bfe0000,0x000000001c0e0000] [id=17188]

VM state:not at safepoint (normal execution)

VM Mutex/Monitor currently owned by a thread: None

heap address: 0x0000000720000000, size: 2560 MB, Compressed Oops mode: Zero based, Oop shift amount: 3
Narrow klass base: 0x0000000000000000, Narrow klass shift: 3
Compressed class space size: 1073741824 Address: 0x00000007c0000000

Heap:
 PSYoungGen      total 310784K, used 20719K [0x000000078ab00000, 0x00000007a3700000, 0x00000007c0000000)
  eden space 286208K, 7% used [0x000000078ab00000,0x000000078bf3bdf8,0x000000079c280000)
  from space 24576K, 0% used [0x000000079c280000,0x000000079c280000,0x000000079da80000)
  to   space 31232K, 0% used [0x00000007a1880000,0x00000007a1880000,0x00000007a3700000)
 ParOldGen       total 244224K, used 95150K [0x0000000720000000, 0x000000072ee80000, 0x000000078ab00000)
  object space 244224K, 38% used [0x0000000720000000,0x0000000725ceb940,0x000000072ee80000)
 Metaspace       used 96698K, capacity 99689K, committed 100008K, reserved 1136640K
  class space    used 13101K, capacity 13714K, committed 13744K, reserved 1048576K

Card table byte_map: [0x00000000124a0000,0x00000000129b0000] byte_map_base: 0x000000000eba0000

Marking Bits: (ParMarkBitMap*) 0x000000006527f030
 Begin Bits: [0x0000000013510000, 0x0000000015d10000)
 End Bits:   [0x0000000015d10000, 0x0000000018510000)

Polling page: 0x0000000001110000

CodeCache: size=245760Kb used=27473Kb max_used=27479Kb free=218286Kb
 bounds [0x00000000030e0000, 0x0000000004be0000, 0x00000000120e0000]
 total_blobs=8989 nmethods=8137 adapters=764
 compilation: enabled

Compilation events (10 events):
Event: 26.545 Thread 0x000000001b21d000 8955       3       java.lang.invoke.MethodHandle::bindArgumentL (10 bytes)
Event: 26.545 Thread 0x000000001b21d000 nmethod 8955 0x0000000004bb3350 code [0x0000000004bb3500, 0x0000000004bb3b88]
Event: 26.545 Thread 0x000000001b21d000 8956       3       java.lang.invoke.BoundMethodHandle::bindArgumentL (11 bytes)
Event: 26.546 Thread 0x000000001b21d000 nmethod 8956 0x0000000004bb6650 code [0x0000000004bb6800, 0x0000000004bb6cf8]
Event: 26.546 Thread 0x000000001b21d000 8957       3       java.lang.invoke.LambdaFormEditor::bindArgumentL (59 bytes)
Event: 26.546 Thread 0x000000001b21d000 nmethod 8957 0x0000000004bb2d90 code [0x0000000004bb2f20, 0x0000000004bb3208]
Event: 26.546 Thread 0x000000001b21d000 8958       3       java.lang.invoke.LambdaFormEditor::bindArgumentType (101 bytes)
Event: 26.547 Thread 0x000000001b21d000 nmethod 8958 0x0000000004bb6110 code [0x0000000004bb6280, 0x0000000004bb6568]
Event: 26.547 Thread 0x000000001b21d000 8959       3       java.lang.invoke.LambdaFormEditor::bindArgumentForm (268 bytes)
Event: 26.549 Thread 0x000000001b21d000 nmethod 8959 0x0000000004bc0710 code [0x0000000004bc0aa0, 0x0000000004bc2a18]

GC Heap History (10 events):
Event: 15.301 GC heap before
{Heap before GC invocations=11 (full 3):
 PSYoungGen      total 304128K, used 17900K [0x000000078ab00000, 0x000000079f500000, 0x00000007c0000000)
  eden space 286208K, 0% used [0x000000078ab00000,0x000000078ab00000,0x000000079c280000)
  from space 17920K, 99% used [0x000000079da80000,0x000000079ebfb270,0x000000079ec00000)
  to   space 24576K, 0% used [0x000000079c280000,0x000000079c280000,0x000000079da80000)
 ParOldGen       total 158208K, used 30224K [0x0000000720000000, 0x0000000729a80000, 0x000000078ab00000)
  object space 158208K, 19% used [0x0000000720000000,0x0000000721d840f8,0x0000000729a80000)
 Metaspace       used 56728K, capacity 59038K, committed 59160K, reserved 1099776K
  class space    used 7773K, capacity 8281K, committed 8368K, reserved 1048576K
Event: 15.604 GC heap after
Heap after GC invocations=11 (full 3):
 PSYoungGen      total 304128K, used 0K [0x000000078ab00000, 0x000000079f500000, 0x00000007c0000000)
  eden space 286208K, 0% used [0x000000078ab00000,0x000000078ab00000,0x000000079c280000)
  from space 17920K, 0% used [0x000000079da80000,0x000000079da80000,0x000000079ec00000)
  to   space 24576K, 0% used [0x000000079c280000,0x000000079c280000,0x000000079da80000)
 ParOldGen       total 244224K, used 40622K [0x0000000720000000, 0x000000072ee80000, 0x000000078ab00000)
  object space 244224K, 16% used [0x0000000720000000,0x00000007227ab970,0x000000072ee80000)
 Metaspace       used 56696K, capacity 58936K, committed 59160K, reserved 1099776K
  class space    used 7764K, capacity 8264K, committed 8368K, reserved 1048576K
}
Event: 19.431 GC heap before
{Heap before GC invocations=12 (full 3):
 PSYoungGen      total 304128K, used 286208K [0x000000078ab00000, 0x000000079f500000, 0x00000007c0000000)
  eden space 286208K, 100% used [0x000000078ab00000,0x000000079c280000,0x000000079c280000)
  from space 17920K, 0% used [0x000000079da80000,0x000000079da80000,0x000000079ec00000)
  to   space 24576K, 0% used [0x000000079c280000,0x000000079c280000,0x000000079da80000)
 ParOldGen       total 244224K, used 40622K [0x0000000720000000, 0x000000072ee80000, 0x000000078ab00000)
  object space 244224K, 16% used [0x0000000720000000,0x00000007227ab970,0x000000072ee80000)
 Metaspace       used 78551K, capacity 81388K, committed 81704K, reserved 1120256K
  class space    used 10891K, capacity 11486K, committed 11568K, reserved 1048576K
Event: 19.495 GC heap after
Heap after GC invocations=12 (full 3):
 PSYoungGen      total 310784K, used 24574K [0x000000078ab00000, 0x00000007a3700000, 0x00000007c0000000)
  eden space 286208K, 0% used [0x000000078ab00000,0x000000078ab00000,0x000000079c280000)
  from space 24576K, 99% used [0x000000079c280000,0x000000079da7f8d8,0x000000079da80000)
  to   space 31232K, 0% used [0x00000007a1880000,0x00000007a1880000,0x00000007a3700000)
 ParOldGen       total 244224K, used 47907K [0x0000000720000000, 0x000000072ee80000, 0x000000078ab00000)
  object space 244224K, 19% used [0x0000000720000000,0x0000000722ec8e50,0x000000072ee80000)
 Metaspace       used 78551K, capacity 81388K, committed 81704K, reserved 1120256K
  class space    used 10891K, capacity 11486K, committed 11568K, reserved 1048576K
}
Event: 22.434 GC heap before
{Heap before GC invocations=13 (full 3):
 PSYoungGen      total 310784K, used 310782K [0x000000078ab00000, 0x00000007a3700000, 0x00000007c0000000)
  eden space 286208K, 100% used [0x000000078ab00000,0x000000079c280000,0x000000079c280000)
  from space 24576K, 99% used [0x000000079c280000,0x000000079da7f8d8,0x000000079da80000)
  to   space 31232K, 0% used [0x00000007a1880000,0x00000007a1880000,0x00000007a3700000)
 ParOldGen       total 244224K, used 47907K [0x0000000720000000, 0x000000072ee80000, 0x000000078ab00000)
  object space 244224K, 19% used [0x0000000720000000,0x0000000722ec8e50,0x000000072ee80000)
 Metaspace       used 85986K, capacity 88853K, committed 89128K, reserved 1126400K
  class space    used 11883K, capacity 12489K, committed 12592K, reserved 1048576K
Event: 22.543 GC heap after
Heap after GC invocations=13 (full 3):
 PSYoungGen      total 317440K, used 31203K [0x000000078ab00000, 0x00000007a3700000, 0x00000007c0000000)
  eden space 286208K, 0% used [0x000000078ab00000,0x000000078ab00000,0x000000079c280000)
  from space 31232K, 99% used [0x00000007a1880000,0x00000007a36f8eb0,0x00000007a3700000)
  to   space 24576K, 0% used [0x000000079c280000,0x000000079c280000,0x000000079da80000)
 ParOldGen       total 244224K, used 71967K [0x0000000720000000, 0x000000072ee80000, 0x000000078ab00000)
  object space 244224K, 29% used [0x0000000720000000,0x0000000724647f78,0x000000072ee80000)
 Metaspace       used 85986K, capacity 88853K, committed 89128K, reserved 1126400K
  class space    used 11883K, capacity 12489K, committed 12592K, reserved 1048576K
}
Event: 25.773 GC heap before
{Heap before GC invocations=14 (full 3):
 PSYoungGen      total 317440K, used 214201K [0x000000078ab00000, 0x00000007a3700000, 0x00000007c0000000)
  eden space 286208K, 63% used [0x000000078ab00000,0x0000000795db5850,0x000000079c280000)
  from space 31232K, 99% used [0x00000007a1880000,0x00000007a36f8eb0,0x00000007a3700000)
  to   space 24576K, 0% used [0x000000079c280000,0x000000079c280000,0x000000079da80000)
 ParOldGen       total 244224K, used 71967K [0x0000000720000000, 0x000000072ee80000, 0x000000078ab00000)
  object space 244224K, 29% used [0x0000000720000000,0x0000000724647f78,0x000000072ee80000)
 Metaspace       used 95389K, capacity 98345K, committed 98600K, reserved 1134592K
  class space    used 12922K, capacity 13542K, committed 13616K, reserved 1048576K
Event: 25.854 GC heap after
Heap after GC invocations=14 (full 3):
 PSYoungGen      total 310784K, used 20383K [0x000000078ab00000, 0x00000007a3700000, 0x00000007c0000000)
  eden space 286208K, 0% used [0x000000078ab00000,0x000000078ab00000,0x000000079c280000)
  from space 24576K, 82% used [0x000000079c280000,0x000000079d667fb8,0x000000079da80000)
  to   space 31232K, 0% used [0x00000007a1880000,0x00000007a1880000,0x00000007a3700000)
 ParOldGen       total 244224K, used 103100K [0x0000000720000000, 0x000000072ee80000, 0x000000078ab00000)
  object space 244224K, 42% used [0x0000000720000000,0x00000007264af2c0,0x000000072ee80000)
 Metaspace       used 95389K, capacity 98345K, committed 98600K, reserved 1134592K
  class space    used 12922K, capacity 13542K, committed 13616K, reserved 1048576K
}
Event: 25.854 GC heap before
{Heap before GC invocations=15 (full 4):
 PSYoungGen      total 310784K, used 20383K [0x000000078ab00000, 0x00000007a3700000, 0x00000007c0000000)
  eden space 286208K, 0% used [0x000000078ab00000,0x000000078ab00000,0x000000079c280000)
  from space 24576K, 82% used [0x000000079c280000,0x000000079d667fb8,0x000000079da80000)
  to   space 31232K, 0% used [0x00000007a1880000,0x00000007a1880000,0x00000007a3700000)
 ParOldGen       total 244224K, used 103100K [0x0000000720000000, 0x000000072ee80000, 0x000000078ab00000)
  object space 244224K, 42% used [0x0000000720000000,0x00000007264af2c0,0x000000072ee80000)
 Metaspace       used 95389K, capacity 98345K, committed 98600K, reserved 1134592K
  class space    used 12922K, capacity 13542K, committed 13616K, reserved 1048576K
Event: 26.325 GC heap after
Heap after GC invocations=15 (full 4):
 PSYoungGen      total 310784K, used 0K [0x000000078ab00000, 0x00000007a3700000, 0x00000007c0000000)
  eden space 286208K, 0% used [0x000000078ab00000,0x000000078ab00000,0x000000079c280000)
  from space 24576K, 0% used [0x000000079c280000,0x000000079c280000,0x000000079da80000)
  to   space 31232K, 0% used [0x00000007a1880000,0x00000007a1880000,0x00000007a3700000)
 ParOldGen       total 244224K, used 95150K [0x0000000720000000, 0x000000072ee80000, 0x000000078ab00000)
  object space 244224K, 38% used [0x0000000720000000,0x0000000725ceb940,0x000000072ee80000)
 Metaspace       used 95389K, capacity 98345K, committed 98600K, reserved 1134592K
  class space    used 12922K, capacity 13542K, committed 13616K, reserved 1048576K
}

Deoptimization events (10 events):
Event: 25.233 Thread 0x000000001e03c000 Uncommon trap: reason=unstable_if action=reinterpret pc=0x00000000049e8044 method=org.jetbrains.kotlin.utils.WrappedValues.unescapeNull(Ljava/lang/Object;)Ljava/lang/Object; @ 12
Event: 25.242 Thread 0x000000001e03c000 Uncommon trap: reason=bimorphic action=maybe_recompile pc=0x0000000003aea3b8 method=gnu.trove.THash.postInsertHook(Z)V @ 65
Event: 25.243 Thread 0x000000001e03c000 Uncommon trap: reason=bimorphic action=maybe_recompile pc=0x0000000003aea3b8 method=gnu.trove.THash.postInsertHook(Z)V @ 65
Event: 25.281 Thread 0x000000001e03c000 Uncommon trap: reason=bimorphic action=maybe_recompile pc=0x0000000003aea3b8 method=gnu.trove.THash.postInsertHook(Z)V @ 65
Event: 25.340 Thread 0x000000001e03c000 Uncommon trap: reason=predicate action=maybe_recompile pc=0x00000000049f6554 method=org.jetbrains.kotlin.com.intellij.util.text.CharArrayUtil.getChars(Ljava/lang/CharSequence;[CIII)V @ 210
Event: 25.397 Thread 0x000000001e03c000 Uncommon trap: reason=bimorphic action=maybe_recompile pc=0x0000000003aea3b8 method=gnu.trove.THash.postInsertHook(Z)V @ 65
Event: 25.491 Thread 0x000000001e03c000 Uncommon trap: reason=null_check action=make_not_entrant pc=0x0000000004b75d74 method=org.jetbrains.kotlin.storage.LockBasedStorageManager$LockBasedLazyValue.invoke()Ljava/lang/Object; @ 6
Event: 25.491 Thread 0x000000001e03c000 Uncommon trap: reason=null_check action=make_not_entrant pc=0x00000000049c3d38 method=org.jetbrains.kotlin.utils.WrappedValues.unescapeThrowable(Ljava/lang/Object;)Ljava/lang/Object; @ 1
Event: 25.493 Thread 0x000000001e03c000 Uncommon trap: reason=unstable_if action=reinterpret pc=0x0000000004b7b7cc method=org.jetbrains.kotlin.name.Name.equals(Ljava/lang/Object;)Z @ 2
Event: 25.737 Thread 0x000000001e03c000 Uncommon trap: reason=unstable_if action=reinterpret pc=0x0000000004b34ad4 method=org.jetbrains.kotlin.metadata.ProtoBuf$ValueParameter.getSerializedSize()I @ 132

Classes redefined (0 events):
No events

Internal exceptions (10 events):
Event: 17.556 Thread 0x000000001e03c000 Exception <a 'java/lang/ClassNotFoundException': org/gradle/api/internal/file/CompositeFileTreeCustomizer> (0x00000007935ad080) thrown at [C:\src\AOSP-openjdk-git\hotspot\src\share\vm\classfile\systemDictionary.cpp, line 210]
Event: 17.557 Thread 0x000000001e03c000 Exception <a 'java/lang/ClassNotFoundException': org/gradle/api/internal/file/collections/DefaultConfigurableFileTreeCustomizer> (0x00000007935db648) thrown at [C:\src\AOSP-openjdk-git\hotspot\src\share\vm\classfile\systemDictionary.cpp, line 210]
Event: 18.389 Thread 0x000000001e03c000 Exception <a 'java/lang/NoSuchMethodError': java.lang.Object.lambda$static$0()J> (0x000000079846a4f8) thrown at [C:\src\AOSP-openjdk-git\hotspot\src\share\vm\interpreter\linkResolver.cpp, line 620]
Event: 18.610 Thread 0x000000001e03c000 Exception <a 'java/lang/NoSuchMethodError': java.lang.Object.lambda$static$0(I)[Lorg/jetbrains/kotlin/com/intellij/openapi/editor/event/DocumentListener;> (0x000000079992f200) thrown at [C:\src\AOSP-openjdk-git\hotspot\src\share\vm\interpreter\linkResolve
Event: 18.668 Thread 0x000000001e03c000 Exception <a 'java/lang/NoSuchMethodError': java.lang.Object.lambda$static$0(I)[Lorg/jetbrains/kotlin/com/intellij/psi/PsiAnnotation;> (0x0000000799e1fb60) thrown at [C:\src\AOSP-openjdk-git\hotspot\src\share\vm\interpreter\linkResolver.cpp, line 620]
Event: 18.980 Thread 0x000000001e03c000 Exception <a 'java/lang/NoSuchMethodError': java.lang.Object.lambda$static$0(I)[Lorg/jetbrains/kotlin/com/intellij/psi/PsiElement;> (0x000000079acb36a0) thrown at [C:\src\AOSP-openjdk-git\hotspot\src\share\vm\interpreter\linkResolver.cpp, line 620]
Event: 21.162 Thread 0x000000001e03c000 Exception <a 'java/lang/NoSuchMethodError': java.lang.Object.lambda$static$0(I)[Lorg/jetbrains/kotlin/psi/KtExpression;> (0x0000000796ec3228) thrown at [C:\src\AOSP-openjdk-git\hotspot\src\share\vm\interpreter\linkResolver.cpp, line 620]
Event: 25.491 Thread 0x000000001e03c000 Implicit null exception at 0x0000000004b758b3 to 0x0000000004b75d65
Event: 25.491 Thread 0x000000001e03c000 Implicit null exception at 0x00000000049c3cef to 0x00000000049c3d2d
Event: 26.417 Thread 0x000000001e03c000 Exception <a 'java/lang/NoSuchMethodError': java.lang.Object.lambda$static$0(I)[Lorg/jetbrains/kotlin/com/intellij/psi/PsiClass;> (0x000000078b1133e8) thrown at [C:\src\AOSP-openjdk-git\hotspot\src\share\vm\interpreter\linkResolver.cpp, line 620]

Events (10 events):
Event: 26.555 loading class org/jetbrains/kotlin/com/intellij/psi/impl/source/PsiTypeElementImpl$1SelfReferenceVisitor
Event: 26.556 loading class org/jetbrains/kotlin/com/intellij/psi/impl/source/PsiTypeElementImpl$1SelfReferenceVisitor done
Event: 26.556 loading class org/jetbrains/kotlin/com/intellij/psi/JavaRecursiveElementVisitor
Event: 26.556 loading class org/jetbrains/kotlin/com/intellij/psi/JavaRecursiveElementVisitor done
Event: 26.557 loading class org/jetbrains/kotlin/com/intellij/psi/impl/source/PsiDiamondTypeElementImpl
Event: 26.557 loading class org/jetbrains/kotlin/com/intellij/psi/impl/source/PsiDiamondTypeElementImpl done
Event: 26.559 loading class org/jetbrains/kotlin/com/intellij/psi/impl/source/tree/java/PsiReferenceParameterListImpl
Event: 26.559 loading class org/jetbrains/kotlin/com/intellij/psi/impl/source/tree/java/PsiReferenceParameterListImpl done
Event: 26.560 loading class org/jetbrains/kotlin/com/intellij/psi/PsiReferenceParameterList
Event: 26.560 loading class org/jetbrains/kotlin/com/intellij/psi/PsiReferenceParameterList done


Dynamic libraries:
0x00007ff7cb9f0000 - 0x00007ff7cba21000 	C:\Program Files\Android\Android Studio\jre\bin\java.exe
0x00007ffdf6c40000 - 0x00007ffdf6e2d000 	C:\WINDOWS\SYSTEM32\ntdll.dll
0x00007ffdf6b50000 - 0x00007ffdf6c03000 	C:\WINDOWS\System32\KERNEL32.DLL
0x00007ffdf2fd0000 - 0x00007ffdf3264000 	C:\WINDOWS\System32\KERNELBASE.dll
0x00007ffdf5f60000 - 0x00007ffdf6003000 	C:\WINDOWS\System32\ADVAPI32.dll
0x00007ffdf5570000 - 0x00007ffdf560e000 	C:\WINDOWS\System32\msvcrt.dll
0x00007ffdf64d0000 - 0x00007ffdf656e000 	C:\WINDOWS\System32\sechost.dll
0x00007ffdf5e30000 - 0x00007ffdf5f52000 	C:\WINDOWS\System32\RPCRT4.dll
0x00007ffdf5a90000 - 0x00007ffdf5c27000 	C:\WINDOWS\System32\USER32.dll
0x00007ffdf2e90000 - 0x00007ffdf2eb0000 	C:\WINDOWS\System32\win32u.dll
0x00007ffdf65f0000 - 0x00007ffdf6619000 	C:\WINDOWS\System32\GDI32.dll
0x00007ffdf2cf0000 - 0x00007ffdf2e8c000 	C:\WINDOWS\System32\gdi32full.dll
0x00007ffdf2eb0000 - 0x00007ffdf2f50000 	C:\WINDOWS\System32\msvcp_win.dll
0x00007ffdf3270000 - 0x00007ffdf336a000 	C:\WINDOWS\System32\ucrtbase.dll
0x00007ffdd89a0000 - 0x00007ffdd8c19000 	C:\WINDOWS\WinSxS\amd64_microsoft.windows.common-controls_6595b64144ccf1df_6.0.17763.1457_none_de7243e4534a70d1\COMCTL32.dll
0x00007ffdf61a0000 - 0x00007ffdf64cd000 	C:\WINDOWS\System32\combase.dll
0x00007ffdf2f50000 - 0x00007ffdf2fce000 	C:\WINDOWS\System32\bcryptPrimitives.dll
0x00007ffdf5d90000 - 0x00007ffdf5dbe000 	C:\WINDOWS\System32\IMM32.DLL
0x0000000065c20000 - 0x0000000065cf2000 	C:\Program Files\Android\Android Studio\jre\jre\bin\msvcr100.dll
0x0000000064ab0000 - 0x00000000652fb000 	C:\Program Files\Android\Android Studio\jre\jre\bin\server\jvm.dll
0x00007ffdf6030000 - 0x00007ffdf6038000 	C:\WINDOWS\System32\PSAPI.DLL
0x00007ffddf330000 - 0x00007ffddf339000 	C:\WINDOWS\SYSTEM32\WSOCK32.dll
0x00007ffdef880000 - 0x00007ffdef8a4000 	C:\WINDOWS\SYSTEM32\WINMM.dll
0x00007ffdeb7d0000 - 0x00007ffdeb7da000 	C:\WINDOWS\SYSTEM32\VERSION.dll
0x00007ffdf5dc0000 - 0x00007ffdf5e2d000 	C:\WINDOWS\System32\WS2_32.dll
0x00007ffdef850000 - 0x00007ffdef87d000 	C:\WINDOWS\SYSTEM32\WINMMBASE.dll
0x00007ffdf3c00000 - 0x00007ffdf3c4a000 	C:\WINDOWS\System32\cfgmgr32.dll
0x00007ffdeff10000 - 0x00007ffdeff1f000 	C:\Program Files\Android\Android Studio\jre\jre\bin\verify.dll
0x00007ffdeeea0000 - 0x00007ffdeeec9000 	C:\Program Files\Android\Android Studio\jre\jre\bin\java.dll
0x00007ffdeedb0000 - 0x00007ffdeedc6000 	C:\Program Files\Android\Android Studio\jre\jre\bin\zip.dll
0x00007ffdf3e60000 - 0x00007ffdf5359000 	C:\WINDOWS\System32\SHELL32.dll
0x00007ffdf5850000 - 0x00007ffdf58f9000 	C:\WINDOWS\System32\shcore.dll
0x00007ffdf3480000 - 0x00007ffdf3bd2000 	C:\WINDOWS\System32\windows.storage.dll
0x00007ffdf2ca0000 - 0x00007ffdf2cc4000 	C:\WINDOWS\System32\profapi.dll
0x00007ffdf2c40000 - 0x00007ffdf2c9d000 	C:\WINDOWS\System32\powrprof.dll
0x00007ffdf5a30000 - 0x00007ffdf5a82000 	C:\WINDOWS\System32\shlwapi.dll
0x00007ffdf2c20000 - 0x00007ffdf2c31000 	C:\WINDOWS\System32\kernel.appcore.dll
0x00007ffdf3be0000 - 0x00007ffdf3bf7000 	C:\WINDOWS\System32\cryptsp.dll
0x00007ffdeed90000 - 0x00007ffdeedaa000 	C:\Program Files\Android\Android Studio\jre\jre\bin\net.dll
0x00007ffdf2480000 - 0x00007ffdf24e7000 	C:\WINDOWS\system32\mswsock.dll
0x00007ffdeed70000 - 0x00007ffdeed83000 	C:\Program Files\Android\Android Studio\jre\jre\bin\nio.dll
0x00007ffde2e00000 - 0x00007ffde2e26000 	C:\Users\LAP11852-local\.gradle\native\31\windows-amd64\native-platform.dll
0x00007ffdeed60000 - 0x00007ffdeed6d000 	C:\Program Files\Android\Android Studio\jre\jre\bin\management.dll
0x00007ffdf2000000 - 0x00007ffdf2033000 	C:\WINDOWS\system32\rsaenh.dll
0x00007ffdf3e30000 - 0x00007ffdf3e56000 	C:\WINDOWS\System32\bcrypt.dll
0x00007ffdf2b10000 - 0x00007ffdf2b38000 	C:\WINDOWS\SYSTEM32\USERENV.dll
0x00007ffdf2650000 - 0x00007ffdf265c000 	C:\WINDOWS\SYSTEM32\CRYPTBASE.dll
0x00007ffdf21a0000 - 0x00007ffdf21dd000 	C:\WINDOWS\SYSTEM32\IPHLPAPI.DLL
0x00007ffdf5670000 - 0x00007ffdf5678000 	C:\WINDOWS\System32\NSI.dll
0x00007ffde3950000 - 0x00007ffde3966000 	C:\WINDOWS\SYSTEM32\dhcpcsvc6.DLL
0x00007ffde8c90000 - 0x00007ffde8cac000 	C:\WINDOWS\SYSTEM32\dhcpcsvc.DLL
0x00007ffdf21e0000 - 0x00007ffdf22a7000 	C:\WINDOWS\SYSTEM32\DNSAPI.dll

VM Arguments:
jvm_args: -Xmx2560m -Dfile.encoding=windows-1252 -Duser.country=US -Duser.language=en -Duser.variant 
java_command: org.gradle.launcher.daemon.bootstrap.GradleDaemon 6.1.1
java_class_path (initial): C:\Users\LAP11852-local\.gradle\wrapper\dists\gradle-6.1.1-all\cfmwm155h49vnt3hynmlrsdst\gradle-6.1.1\lib\gradle-launcher-6.1.1.jar
Launcher Type: SUN_STANDARD

Environment Variables:
PATH=C:\WINDOWS\system32;C:\WINDOWS;C:\WINDOWS\System32\Wbem;C:\WINDOWS\System32\WindowsPowerShell\v1.0\;C:\WINDOWS\System32\OpenSSH\;C:\Users\LAP11852-local\Downloads\adb\platform-tools;C:\Program Files\Git\cmd;C:\Program Files\Intel\WiFi\bin\;C:\Program Files\Common Files\Intel\WirelessCommon\;C:\Program Files\Android\Android Studio\jre\bin;C:\Users\LAP11852-local\AppData\Local\Android\Sdk\tools\proguard\lib;C:\Users\LAP11852-local\AppData\Local\Android\Sdk\platform-tools;D:\FlutterSDKPath\flutter\bin;C:\curl-7.72.0-win64-mingw\bin;C:\Ruby27-x64\bin;C:\Users\LAP11852-local\AppData\Local\Microsoft\WindowsApps;C:\Users\LAP11852-local\AppData\Local\GitHubDesktop\bin;C:\Users\LAP11852-local\AppData\Local\Android\Sdk\platform-tools;D:\FlutterSDKPath\flutter\bin
USERNAME=LAP11852-local
OS=Windows_NT
PROCESSOR_IDENTIFIER=Intel64 Family 6 Model 142 Stepping 10, GenuineIntel



---------------  S Y S T E M  ---------------

OS: Windows 10.0 , 64 bit Build 17763 (10.0.17763.475)

CPU:total 8 (initial active 8) (4 cores per cpu, 2 threads per core) family 6 model 142 stepping 10, cmov, cx8, fxsr, mmx, sse, sse2, sse3, ssse3, sse4.1, sse4.2, popcnt, avx, avx2, aes, clmul, erms, 3dnowpref, lzcnt, ht, tsc, tscinvbit, bmi1, bmi2, adx

Memory: 4k page, physical 16431680k(2454008k free), swap 28027964k(3428k free)

vm_info: OpenJDK 64-Bit Server VM (25.242-b01) for windows-amd64 JRE (1.8.0_242-release-1644-b01), built by "builder" with MS VC++ 10.0 (VS2010)

time: Mon Oct 12 23:13:32 2020
timezone: SE Asia Standard Time
elapsed time: 26 seconds (0d 0h 0m 26s)

